â–² Next.js 16.1.3 (Turbopack)
- Local:         http://localhost:3000
- Network:       http://21.0.15.10:3000
- Environments: .env

âœ“ Starting...
Attention: Next.js now collects completely anonymous telemetry regarding usage.
This information is used to shape Next.js' roadmap and prioritize features.
You can learn more, including how to opt-out if you'd not like to participate in this anonymous program, by visiting the following URL:
https://nextjs.org/telemetry


  We detected TypeScript in your project and reconfigured your tsconfig.json file for you.
  The following suggested values were added to your tsconfig.json. These values can be changed to fit your project's needs:

  	- include was updated to add '.next/dev/types/**/*.ts'

  The following mandatory changes were made to your tsconfig.json:

  	- jsx was set to react-jsx (next.js uses the React automatic runtime)

âœ“ Ready in 1189ms
 GET / 200 in 3.3s (compile: 3.1s, render: 165ms)
 POST /invoke 404 in 1443ms (compile: 1138ms, render: 305ms)
 POST /invoke 404 in 1440ms (compile: 1385ms, render: 55ms)
 GET / 200 in 22ms (compile: 3ms, render: 20ms)
 POST /invoke 404 in 39ms (compile: 5ms, render: 34ms)
 GET / 200 in 36ms (compile: 7ms, render: 29ms)
 GET / 200 in 27ms (compile: 2ms, render: 24ms)
â¨¯ ./src/components/CTA.tsx:4:1
Export Telegram doesn't exist in target module
[0m [90m 2 |[39m
 [90m 3 |[39m [36mimport[39m { [33mButton[39m } [36mfrom[39m [32m'@/components/ui/button'[39m[33m;[39m
[31m[1m>[22m[39m[90m 4 |[39m [36mimport[39m { [33mArrowRight[39m[33m,[39m [33mTelegram[39m[33m,[39m [33mSparkles[39m } [36mfrom[39m [32m'lucide-react'[39m[33m;[39m
 [90m   |[39m [31m[1m^[22m[39m[31m[1m^[22m[39m[31m[1m^[22m[39m[31m[1m^[22m[39m[31m[1m^[22m[39m[31m[1m^[22m[39m[31m[1m^[22m[39m[31m[1m^[22m[39m[31m[1m^[22m[39m[31m[1m^[22m[39m[31m[1m^[22m[39m[31m[1m^[22m[39m[31m[1m^[22m[39m[31m[1m^[22m[39m[31m[1m^[22m[39m[31m[1m^[22m[39m[31m[1m^[22m[39m[31m[1m^[22m[39m[31m[1m^[22m[39m[31m[1m^[22m[39m[31m[1m^[22m[39m[31m[1m^[22m[39m[31m[1m^[22m[39m[31m[1m^[22m[39m[31m[1m^[22m[39m[31m[1m^[22m[39m[31m[1m^[22m[39m[31m[1m^[22m[39m[31m[1m^[22m[39m[31m[1m^[22m[39m[31m[1m^[22m[39m[31m[1m^[22m[39m[31m[1m^[22m[39m[31m[1m^[22m[39m[31m[1m^[22m[39m[31m[1m^[22m[39m[31m[1m^[22m[39m[31m[1m^[22m[39m[31m[1m^[22m[39m[31m[1m^[22m[39m[31m[1m^[22m[39m[31m[1m^[22m[39m[31m[1m^[22m[39m[31m[1m^[22m[39m[31m[1m^[22m[39m[31m[1m^[22m[39m[31m[1m^[22m[39m[31m[1m^[22m[39m[31m[1m^[22m[39m[31m[1m^[22m[39m[31m[1m^[22m[39m[31m[1m^[22m[39m[31m[1m^[22m[39m[31m[1m^[22m[39m[31m[1m^[22m[39m[31m[1m^[22m[39m[31m[1m^[22m[39m[31m[1m^[22m[39m[31m[1m^[22m[39m[31m[1m^[22m[39m[31m[1m^[22m[39m[31m[1m^[22m[39m
 [90m 5 |[39m
 [90m 6 |[39m [36mexport[39m [36mfunction[39m [33mCTA[39m() {
 [90m 7 |[39m   [36mreturn[39m ([0m

The export Telegram was not found in module [project]/node_modules/lucide-react/dist/esm/lucide-react.js [app-client] (ecmascript).
Did you mean to import TreePalm?
All exports of the module are statically known (It doesn't have dynamic exports). So it's known statically that the requested export doesn't exist.

Import trace:
  Server Component:
    ./src/components/CTA.tsx
    ./src/app/page.tsx



./src/components/CTA.tsx:4:1
Export Telegram doesn't exist in target module
[0m [90m 2 |[39m
 [90m 3 |[39m [36mimport[39m { [33mButton[39m } [36mfrom[39m [32m'@/components/ui/button'[39m[33m;[39m
[31m[1m>[22m[39m[90m 4 |[39m [36mimport[39m { [33mArrowRight[39m[33m,[39m [33mTelegram[39m[33m,[39m [33mSparkles[39m } [36mfrom[39m [32m'lucide-react'[39m[33m;[39m
 [90m   |[39m [31m[1m^[22m[39m[31m[1m^[22m[39m[31m[1m^[22m[39m[31m[1m^[22m[39m[31m[1m^[22m[39m[31m[1m^[22m[39m[31m[1m^[22m[39m[31m[1m^[22m[39m[31m[1m^[22m[39m[31m[1m^[22m[39m[31m[1m^[22m[39m[31m[1m^[22m[39m[31m[1m^[22m[39m[31m[1m^[22m[39m[31m[1m^[22m[39m[31m[1m^[22m[39m[31m[1m^[22m[39m[31m[1m^[22m[39m[31m[1m^[22m[39m[31m[1m^[22m[39m[31m[1m^[22m[39m[31m[1m^[22m[39m[31m[1m^[22m[39m[31m[1m^[22m[39m[31m[1m^[22m[39m[31m[1m^[22m[39m[31m[1m^[22m[39m[31m[1m^[22m[39m[31m[1m^[22m[39m[31m[1m^[22m[39m[31m[1m^[22m[39m[31m[1m^[22m[39m[31m[1m^[22m[39m[31m[1m^[22m[39m[31m[1m^[22m[39m[31m[1m^[22m[39m[31m[1m^[22m[39m[31m[1m^[22m[39m[31m[1m^[22m[39m[31m[1m^[22m[39m[31m[1m^[22m[39m[31m[1m^[22m[39m[31m[1m^[22m[39m[31m[1m^[22m[39m[31m[1m^[22m[39m[31m[1m^[22m[39m[31m[1m^[22m[39m[31m[1m^[22m[39m[31m[1m^[22m[39m[31m[1m^[22m[39m[31m[1m^[22m[39m[31m[1m^[22m[39m[31m[1m^[22m[39m[31m[1m^[22m[39m[31m[1m^[22m[39m[31m[1m^[22m[39m[31m[1m^[22m[39m[31m[1m^[22m[39m[31m[1m^[22m[39m[31m[1m^[22m[39m[31m[1m^[22m[39m[31m[1m^[22m[39m
 [90m 5 |[39m
 [90m 6 |[39m [36mexport[39m [36mfunction[39m [33mCTA[39m() {
 [90m 7 |[39m   [36mreturn[39m ([0m

The export Telegram was not found in module [project]/node_modules/lucide-react/dist/esm/lucide-react.js [app-ssr] (ecmascript).
Did you mean to import TreePalm?
All exports of the module are statically known (It doesn't have dynamic exports). So it's known statically that the requested export doesn't exist.

Import trace:
  Server Component:
    ./src/components/CTA.tsx
    ./src/app/page.tsx



./src/components/Footer.tsx:2:1
Export Telegram doesn't exist in target module
[0m [90m 1 |[39m [36mimport[39m [33mLink[39m [36mfrom[39m [32m'next/link'[39m[33m;[39m
[31m[1m>[22m[39m[90m 2 |[39m [36mimport[39m { [33mTrendingUp[39m[33m,[39m [33mTelegram[39m[33m,[39m [33mMail[39m[33m,[39m [33mMapPin[39m } [36mfrom[39m [32m'lucide-react'[39m[33m;[39m
 [90m   |[39m [31m[1m^[22m[39m[31m[1m^[22m[39m[31m[1m^[22m[39m[31m[1m^[22m[39m[31m[1m^[22m[39m[31m[1m^[22m[39m[31m[1m^[22m[39m[31m[1m^[22m[39m[31m[1m^[22m[39m[31m[1m^[22m[39m[31m[1m^[22m[39m[31m[1m^[22m[39m[31m[1m^[22m[39m[31m[1m^[22m[39m[31m[1m^[22m[39m[31m[1m^[22m[39m[31m[1m^[22m[39m[31m[1m^[22m[39m[31m[1m^[22m[39m[31m[1m^[22m[39m[31m[1m^[22m[39m[31m[1m^[22m[39m[31m[1m^[22m[39m[31m[1m^[22m[39m[31m[1m^[22m[39m[31m[1m^[22m[39m[31m[1m^[22m[39m[31m[1m^[22m[39m[31m[1m^[22m[39m[31m[1m^[22m[39m[31m[1m^[22m[39m[31m[1m^[22m[39m[31m[1m^[22m[39m[31m[1m^[22m[39m[31m[1m^[22m[39m[31m[1m^[22m[39m[31m[1m^[22m[39m[31m[1m^[22m[39m[31m[1m^[22m[39m[31m[1m^[22m[39m[31m[1m^[22m[39m[31m[1m^[22m[39m[31m[1m^[22m[39m[31m[1m^[22m[39m[31m[1m^[22m[39m[31m[1m^[22m[39m[31m[1m^[22m[39m[31m[1m^[22m[39m[31m[1m^[22m[39m[31m[1m^[22m[39m[31m[1m^[22m[39m[31m[1m^[22m[39m[31m[1m^[22m[39m[31m[1m^[22m[39m[31m[1m^[22m[39m[31m[1m^[22m[39m[31m[1m^[22m[39m[31m[1m^[22m[39m[31m[1m^[22m[39m[31m[1m^[22m[39m[31m[1m^[22m[39m[31m[1m^[22m[39m[31m[1m^[22m[39m[31m[1m^[22m[39m[31m[1m^[22m[39m[31m[1m^[22m[39m
 [90m 3 |[39m
 [90m 4 |[39m [36mexport[39m [36mfunction[39m [33mFooter[39m() {
 [90m 5 |[39m   [36mconst[39m currentYear [33m=[39m [36mnew[39m [33mDate[39m()[33m.[39mgetFullYear()[33m;[39m[0m

The export Telegram was not found in module [project]/node_modules/lucide-react/dist/esm/lucide-react.js [app-rsc] (ecmascript).
Did you mean to import TreePalm?
All exports of the module are statically known (It doesn't have dynamic exports). So it's known statically that the requested export doesn't exist.

Import trace:
  Server Component:
    ./src/components/Footer.tsx
    ./src/app/page.tsx



./src/components/Header.tsx:7:1
Export Telegram doesn't exist in target module
[0m [90m  5 |[39m [36mimport[39m { [33mButton[39m } [36mfrom[39m [32m'@/components/ui/button'[39m[33m;[39m
 [90m  6 |[39m [36mimport[39m { [33mSheet[39m[33m,[39m [33mSheetContent[39m[33m,[39m [33mSheetTrigger[39m } [36mfrom[39m [32m'@/components/ui/sheet'[39m[33m;[39m
[31m[1m>[22m[39m[90m  7 |[39m [36mimport[39m { [33mMenu[39m[33m,[39m [33mX[39m[33m,[39m [33mTrendingUp[39m[33m,[39m [33mTelegram[39m } [36mfrom[39m [32m'lucide-react'[39m[33m;[39m
 [90m    |[39m [31m[1m^[22m[39m[31m[1m^[22m[39m[31m[1m^[22m[39m[31m[1m^[22m[39m[31m[1m^[22m[39m[31m[1m^[22m[39m[31m[1m^[22m[39m[31m[1m^[22m[39m[31m[1m^[22m[39m[31m[1m^[22m[39m[31m[1m^[22m[39m[31m[1m^[22m[39m[31m[1m^[22m[39m[31m[1m^[22m[39m[31m[1m^[22m[39m[31m[1m^[22m[39m[31m[1m^[22m[39m[31m[1m^[22m[39m[31m[1m^[22m[39m[31m[1m^[22m[39m[31m[1m^[22m[39m[31m[1m^[22m[39m[31m[1m^[22m[39m[31m[1m^[22m[39m[31m[1m^[22m[39m[31m[1m^[22m[39m[31m[1m^[22m[39m[31m[1m^[22m[39m[31m[1m^[22m[39m[31m[1m^[22m[39m[31m[1m^[22m[39m[31m[1m^[22m[39m[31m[1m^[22m[39m[31m[1m^[22m[39m[31m[1m^[22m[39m[31m[1m^[22m[39m[31m[1m^[22m[39m[31m[1m^[22m[39m[31m[1m^[22m[39m[31m[1m^[22m[39m[31m[1m^[22m[39m[31m[1m^[22m[39m[31m[1m^[22m[39m[31m[1m^[22m[39m[31m[1m^[22m[39m[31m[1m^[22m[39m[31m[1m^[22m[39m[31m[1m^[22m[39m[31m[1m^[22m[39m[31m[1m^[22m[39m[31m[1m^[22m[39m[31m[1m^[22m[39m[31m[1m^[22m[39m[31m[1m^[22m[39m[31m[1m^[22m[39m[31m[1m^[22m[39m[31m[1m^[22m[39m[31m[1m^[22m[39m[31m[1m^[22m[39m[31m[1m^[22m[39m[31m[1m^[22m[39m
 [90m  8 |[39m
 [90m  9 |[39m [36mexport[39m [36mfunction[39m [33mHeader[39m() {
 [90m 10 |[39m   [36mconst[39m [isOpen[33m,[39m setIsOpen] [33m=[39m useState([36mfalse[39m)[33m;[39m[0m

The export Telegram was not found in module [project]/node_modules/lucide-react/dist/esm/lucide-react.js [app-client] (ecmascript).
Did you mean to import TreePalm?
All exports of the module are statically known (It doesn't have dynamic exports). So it's known statically that the requested export doesn't exist.

Import trace:
  Server Component:
    ./src/components/Header.tsx
    ./src/app/page.tsx



./src/components/Header.tsx:7:1
Export Telegram doesn't exist in target module
[0m [90m  5 |[39m [36mimport[39m { [33mButton[39m } [36mfrom[39m [32m'@/components/ui/button'[39m[33m;[39m
 [90m  6 |[39m [36mimport[39m { [33mSheet[39m[33m,[39m [33mSheetContent[39m[33m,[39m [33mSheetTrigger[39m } [36mfrom[39m [32m'@/components/ui/sheet'[39m[33m;[39m
[31m[1m>[22m[39m[90m  7 |[39m [36mimport[39m { [33mMenu[39m[33m,[39m [33mX[39m[33m,[39m [33mTrendingUp[39m[33m,[39m [33mTelegram[39m } [36mfrom[39m [32m'lucide-react'[39m[33m;[39m
 [90m    |[39m [31m[1m^[22m[39m[31m[1m^[22m[39m[31m[1m^[22m[39m[31m[1m^[22m[39m[31m[1m^[22m[39m[31m[1m^[22m[39m[31m[1m^[22m[39m[31m[1m^[22m[39m[31m[1m^[22m[39m[31m[1m^[22m[39m[31m[1m^[22m[39m[31m[1m^[22m[39m[31m[1m^[22m[39m[31m[1m^[22m[39m[31m[1m^[22m[39m[31m[1m^[22m[39m[31m[1m^[22m[39m[31m[1m^[22m[39m[31m[1m^[22m[39m[31m[1m^[22m[39m[31m[1m^[22m[39m[31m[1m^[22m[39m[31m[1m^[22m[39m[31m[1m^[22m[39m[31m[1m^[22m[39m[31m[1m^[22m[39m[31m[1m^[22m[39m[31m[1m^[22m[39m[31m[1m^[22m[39m[31m[1m^[22m[39m[31m[1m^[22m[39m[31m[1m^[22m[39m[31m[1m^[22m[39m[31m[1m^[22m[39m[31m[1m^[22m[39m[31m[1m^[22m[39m[31m[1m^[22m[39m[31m[1m^[22m[39m[31m[1m^[22m[39m[31m[1m^[22m[39m[31m[1m^[22m[39m[31m[1m^[22m[39m[31m[1m^[22m[39m[31m[1m^[22m[39m[31m[1m^[22m[39m[31m[1m^[22m[39m[31m[1m^[22m[39m[31m[1m^[22m[39m[31m[1m^[22m[39m[31m[1m^[22m[39m[31m[1m^[22m[39m[31m[1m^[22m[39m[31m[1m^[22m[39m[31m[1m^[22m[39m[31m[1m^[22m[39m[31m[1m^[22m[39m[31m[1m^[22m[39m[31m[1m^[22m[39m[31m[1m^[22m[39m[31m[1m^[22m[39m[31m[1m^[22m[39m
 [90m  8 |[39m
 [90m  9 |[39m [36mexport[39m [36mfunction[39m [33mHeader[39m() {
 [90m 10 |[39m   [36mconst[39m [isOpen[33m,[39m setIsOpen] [33m=[39m useState([36mfalse[39m)[33m;[39m[0m

The export Telegram was not found in module [project]/node_modules/lucide-react/dist/esm/lucide-react.js [app-ssr] (ecmascript).
Did you mean to import TreePalm?
All exports of the module are statically known (It doesn't have dynamic exports). So it's known statically that the requested export doesn't exist.

Import trace:
  Server Component:
    ./src/components/Header.tsx
    ./src/app/page.tsx


 GET / 500 in 2.3s (compile: 2.2s, render: 125ms)
âš  Cross origin request detected from preview-chat-9c8998ab-2cf5-4e38-874b-80c6cc7b13c4.space.z.ai to /_next/* resource. In a future major version of Next.js, you will need to explicitly configure "allowedDevOrigins" in next.config to allow this.
Read more: https://nextjs.org/docs/app/api-reference/config/next-config-js/allowedDevOrigins
â¨¯ ./src/components/CTA.tsx:4:1
Export Telegram doesn't exist in target module
[0m [90m 2 |[39m
 [90m 3 |[39m [36mimport[39m { [33mButton[39m } [36mfrom[39m [32m'@/components/ui/button'[39m[33m;[39m
[31m[1m>[22m[39m[90m 4 |[39m [36mimport[39m { [33mArrowRight[39m[33m,[39m [33mTelegram[39m[33m,[39m [33mSparkles[39m } [36mfrom[39m [32m'lucide-react'[39m[33m;[39m
 [90m   |[39m [31m[1m^[22m[39m[31m[1m^[22m[39m[31m[1m^[22m[39m[31m[1m^[22m[39m[31m[1m^[22m[39m[31m[1m^[22m[39m[31m[1m^[22m[39m[31m[1m^[22m[39m[31m[1m^[22m[39m[31m[1m^[22m[39m[31m[1m^[22m[39m[31m[1m^[22m[39m[31m[1m^[22m[39m[31m[1m^[22m[39m[31m[1m^[22m[39m[31m[1m^[22m[39m[31m[1m^[22m[39m[31m[1m^[22m[39m[31m[1m^[22m[39m[31m[1m^[22m[39m[31m[1m^[22m[39m[31m[1m^[22m[39m[31m[1m^[22m[39m[31m[1m^[22m[39m[31m[1m^[22m[39m[31m[1m^[22m[39m[31m[1m^[22m[39m[31m[1m^[22m[39m[31m[1m^[22m[39m[31m[1m^[22m[39m[31m[1m^[22m[39m[31m[1m^[22m[39m[31m[1m^[22m[39m[31m[1m^[22m[39m[31m[1m^[22m[39m[31m[1m^[22m[39m[31m[1m^[22m[39m[31m[1m^[22m[39m[31m[1m^[22m[39m[31m[1m^[22m[39m[31m[1m^[22m[39m[31m[1m^[22m[39m[31m[1m^[22m[39m[31m[1m^[22m[39m[31m[1m^[22m[39m[31m[1m^[22m[39m[31m[1m^[22m[39m[31m[1m^[22m[39m[31m[1m^[22m[39m[31m[1m^[22m[39m[31m[1m^[22m[39m[31m[1m^[22m[39m[31m[1m^[22m[39m[31m[1m^[22m[39m[31m[1m^[22m[39m[31m[1m^[22m[39m[31m[1m^[22m[39m[31m[1m^[22m[39m[31m[1m^[22m[39m[31m[1m^[22m[39m[31m[1m^[22m[39m[31m[1m^[22m[39m
 [90m 5 |[39m
 [90m 6 |[39m [36mexport[39m [36mfunction[39m [33mCTA[39m() {
 [90m 7 |[39m   [36mreturn[39m ([0m

The export Telegram was not found in module [project]/node_modules/lucide-react/dist/esm/lucide-react.js [app-client] (ecmascript).
Did you mean to import TreePalm?
All exports of the module are statically known (It doesn't have dynamic exports). So it's known statically that the requested export doesn't exist.

Import trace:
  Server Component:
    ./src/components/CTA.tsx
    ./src/app/page.tsx



./src/components/CTA.tsx:4:1
Export Telegram doesn't exist in target module
[0m [90m 2 |[39m
 [90m 3 |[39m [36mimport[39m { [33mButton[39m } [36mfrom[39m [32m'@/components/ui/button'[39m[33m;[39m
[31m[1m>[22m[39m[90m 4 |[39m [36mimport[39m { [33mArrowRight[39m[33m,[39m [33mTelegram[39m[33m,[39m [33mSparkles[39m } [36mfrom[39m [32m'lucide-react'[39m[33m;[39m
 [90m   |[39m [31m[1m^[22m[39m[31m[1m^[22m[39m[31m[1m^[22m[39m[31m[1m^[22m[39m[31m[1m^[22m[39m[31m[1m^[22m[39m[31m[1m^[22m[39m[31m[1m^[22m[39m[31m[1m^[22m[39m[31m[1m^[22m[39m[31m[1m^[22m[39m[31m[1m^[22m[39m[31m[1m^[22m[39m[31m[1m^[22m[39m[31m[1m^[22m[39m[31m[1m^[22m[39m[31m[1m^[22m[39m[31m[1m^[22m[39m[31m[1m^[22m[39m[31m[1m^[22m[39m[31m[1m^[22m[39m[31m[1m^[22m[39m[31m[1m^[22m[39m[31m[1m^[22m[39m[31m[1m^[22m[39m[31m[1m^[22m[39m[31m[1m^[22m[39m[31m[1m^[22m[39m[31m[1m^[22m[39m[31m[1m^[22m[39m[31m[1m^[22m[39m[31m[1m^[22m[39m[31m[1m^[22m[39m[31m[1m^[22m[39m[31m[1m^[22m[39m[31m[1m^[22m[39m[31m[1m^[22m[39m[31m[1m^[22m[39m[31m[1m^[22m[39m[31m[1m^[22m[39m[31m[1m^[22m[39m[31m[1m^[22m[39m[31m[1m^[22m[39m[31m[1m^[22m[39m[31m[1m^[22m[39m[31m[1m^[22m[39m[31m[1m^[22m[39m[31m[1m^[22m[39m[31m[1m^[22m[39m[31m[1m^[22m[39m[31m[1m^[22m[39m[31m[1m^[22m[39m[31m[1m^[22m[39m[31m[1m^[22m[39m[31m[1m^[22m[39m[31m[1m^[22m[39m[31m[1m^[22m[39m[31m[1m^[22m[39m[31m[1m^[22m[39m[31m[1m^[22m[39m[31m[1m^[22m[39m[31m[1m^[22m[39m
 [90m 5 |[39m
 [90m 6 |[39m [36mexport[39m [36mfunction[39m [33mCTA[39m() {
 [90m 7 |[39m   [36mreturn[39m ([0m

The export Telegram was not found in module [project]/node_modules/lucide-react/dist/esm/lucide-react.js [app-ssr] (ecmascript).
Did you mean to import TreePalm?
All exports of the module are statically known (It doesn't have dynamic exports). So it's known statically that the requested export doesn't exist.

Import trace:
  Server Component:
    ./src/components/CTA.tsx
    ./src/app/page.tsx



./src/components/Footer.tsx:2:1
Export Telegram doesn't exist in target module
[0m [90m 1 |[39m [36mimport[39m [33mLink[39m [36mfrom[39m [32m'next/link'[39m[33m;[39m
[31m[1m>[22m[39m[90m 2 |[39m [36mimport[39m { [33mTrendingUp[39m[33m,[39m [33mTelegram[39m[33m,[39m [33mMail[39m[33m,[39m [33mMapPin[39m } [36mfrom[39m [32m'lucide-react'[39m[33m;[39m
 [90m   |[39m [31m[1m^[22m[39m[31m[1m^[22m[39m[31m[1m^[22m[39m[31m[1m^[22m[39m[31m[1m^[22m[39m[31m[1m^[22m[39m[31m[1m^[22m[39m[31m[1m^[22m[39m[31m[1m^[22m[39m[31m[1m^[22m[39m[31m[1m^[22m[39m[31m[1m^[22m[39m[31m[1m^[22m[39m[31m[1m^[22m[39m[31m[1m^[22m[39m[31m[1m^[22m[39m[31m[1m^[22m[39m[31m[1m^[22m[39m[31m[1m^[22m[39m[31m[1m^[22m[39m[31m[1m^[22m[39m[31m[1m^[22m[39m[31m[1m^[22m[39m[31m[1m^[22m[39m[31m[1m^[22m[39m[31m[1m^[22m[39m[31m[1m^[22m[39m[31m[1m^[22m[39m[31m[1m^[22m[39m[31m[1m^[22m[39m[31m[1m^[22m[39m[31m[1m^[22m[39m[31m[1m^[22m[39m[31m[1m^[22m[39m[31m[1m^[22m[39m[31m[1m^[22m[39m[31m[1m^[22m[39m[31m[1m^[22m[39m[31m[1m^[22m[39m[31m[1m^[22m[39m[31m[1m^[22m[39m[31m[1m^[22m[39m[31m[1m^[22m[39m[31m[1m^[22m[39m[31m[1m^[22m[39m[31m[1m^[22m[39m[31m[1m^[22m[39m[31m[1m^[22m[39m[31m[1m^[22m[39m[31m[1m^[22m[39m[31m[1m^[22m[39m[31m[1m^[22m[39m[31m[1m^[22m[39m[31m[1m^[22m[39m[31m[1m^[22m[39m[31m[1m^[22m[39m[31m[1m^[22m[39m[31m[1m^[22m[39m[31m[1m^[22m[39m[31m[1m^[22m[39m[31m[1m^[22m[39m[31m[1m^[22m[39m[31m[1m^[22m[39m[31m[1m^[22m[39m[31m[1m^[22m[39m[31m[1m^[22m[39m
 [90m 3 |[39m
 [90m 4 |[39m [36mexport[39m [36mfunction[39m [33mFooter[39m() {
 [90m 5 |[39m   [36mconst[39m currentYear [33m=[39m [36mnew[39m [33mDate[39m()[33m.[39mgetFullYear()[33m;[39m[0m

The export Telegram was not found in module [project]/node_modules/lucide-react/dist/esm/lucide-react.js [app-rsc] (ecmascript).
Did you mean to import TreePalm?
All exports of the module are statically known (It doesn't have dynamic exports). So it's known statically that the requested export doesn't exist.

Import trace:
  Server Component:
    ./src/components/Footer.tsx
    ./src/app/page.tsx



./src/components/Header.tsx:7:1
Export Telegram doesn't exist in target module
[0m [90m  5 |[39m [36mimport[39m { [33mButton[39m } [36mfrom[39m [32m'@/components/ui/button'[39m[33m;[39m
 [90m  6 |[39m [36mimport[39m { [33mSheet[39m[33m,[39m [33mSheetContent[39m[33m,[39m [33mSheetTrigger[39m } [36mfrom[39m [32m'@/components/ui/sheet'[39m[33m;[39m
[31m[1m>[22m[39m[90m  7 |[39m [36mimport[39m { [33mMenu[39m[33m,[39m [33mX[39m[33m,[39m [33mTrendingUp[39m[33m,[39m [33mTelegram[39m } [36mfrom[39m [32m'lucide-react'[39m[33m;[39m
 [90m    |[39m [31m[1m^[22m[39m[31m[1m^[22m[39m[31m[1m^[22m[39m[31m[1m^[22m[39m[31m[1m^[22m[39m[31m[1m^[22m[39m[31m[1m^[22m[39m[31m[1m^[22m[39m[31m[1m^[22m[39m[31m[1m^[22m[39m[31m[1m^[22m[39m[31m[1m^[22m[39m[31m[1m^[22m[39m[31m[1m^[22m[39m[31m[1m^[22m[39m[31m[1m^[22m[39m[31m[1m^[22m[39m[31m[1m^[22m[39m[31m[1m^[22m[39m[31m[1m^[22m[39m[31m[1m^[22m[39m[31m[1m^[22m[39m[31m[1m^[22m[39m[31m[1m^[22m[39m[31m[1m^[22m[39m[31m[1m^[22m[39m[31m[1m^[22m[39m[31m[1m^[22m[39m[31m[1m^[22m[39m[31m[1m^[22m[39m[31m[1m^[22m[39m[31m[1m^[22m[39m[31m[1m^[22m[39m[31m[1m^[22m[39m[31m[1m^[22m[39m[31m[1m^[22m[39m[31m[1m^[22m[39m[31m[1m^[22m[39m[31m[1m^[22m[39m[31m[1m^[22m[39m[31m[1m^[22m[39m[31m[1m^[22m[39m[31m[1m^[22m[39m[31m[1m^[22m[39m[31m[1m^[22m[39m[31m[1m^[22m[39m[31m[1m^[22m[39m[31m[1m^[22m[39m[31m[1m^[22m[39m[31m[1m^[22m[39m[31m[1m^[22m[39m[31m[1m^[22m[39m[31m[1m^[22m[39m[31m[1m^[22m[39m[31m[1m^[22m[39m[31m[1m^[22m[39m[31m[1m^[22m[39m[31m[1m^[22m[39m[31m[1m^[22m[39m[31m[1m^[22m[39m[31m[1m^[22m[39m
 [90m  8 |[39m
 [90m  9 |[39m [36mexport[39m [36mfunction[39m [33mHeader[39m() {
 [90m 10 |[39m   [36mconst[39m [isOpen[33m,[39m setIsOpen] [33m=[39m useState([36mfalse[39m)[33m;[39m[0m

The export Telegram was not found in module [project]/node_modules/lucide-react/dist/esm/lucide-react.js [app-client] (ecmascript).
Did you mean to import TreePalm?
All exports of the module are statically known (It doesn't have dynamic exports). So it's known statically that the requested export doesn't exist.

Import trace:
  Server Component:
    ./src/components/Header.tsx
    ./src/app/page.tsx



./src/components/Header.tsx:7:1
Export Telegram doesn't exist in target module
[0m [90m  5 |[39m [36mimport[39m { [33mButton[39m } [36mfrom[39m [32m'@/components/ui/button'[39m[33m;[39m
 [90m  6 |[39m [36mimport[39m { [33mSheet[39m[33m,[39m [33mSheetContent[39m[33m,[39m [33mSheetTrigger[39m } [36mfrom[39m [32m'@/components/ui/sheet'[39m[33m;[39m
[31m[1m>[22m[39m[90m  7 |[39m [36mimport[39m { [33mMenu[39m[33m,[39m [33mX[39m[33m,[39m [33mTrendingUp[39m[33m,[39m [33mTelegram[39m } [36mfrom[39m [32m'lucide-react'[39m[33m;[39m
 [90m    |[39m [31m[1m^[22m[39m[31m[1m^[22m[39m[31m[1m^[22m[39m[31m[1m^[22m[39m[31m[1m^[22m[39m[31m[1m^[22m[39m[31m[1m^[22m[39m[31m[1m^[22m[39m[31m[1m^[22m[39m[31m[1m^[22m[39m[31m[1m^[22m[39m[31m[1m^[22m[39m[31m[1m^[22m[39m[31m[1m^[22m[39m[31m[1m^[22m[39m[31m[1m^[22m[39m[31m[1m^[22m[39m[31m[1m^[22m[39m[31m[1m^[22m[39m[31m[1m^[22m[39m[31m[1m^[22m[39m[31m[1m^[22m[39m[31m[1m^[22m[39m[31m[1m^[22m[39m[31m[1m^[22m[39m[31m[1m^[22m[39m[31m[1m^[22m[39m[31m[1m^[22m[39m[31m[1m^[22m[39m[31m[1m^[22m[39m[31m[1m^[22m[39m[31m[1m^[22m[39m[31m[1m^[22m[39m[31m[1m^[22m[39m[31m[1m^[22m[39m[31m[1m^[22m[39m[31m[1m^[22m[39m[31m[1m^[22m[39m[31m[1m^[22m[39m[31m[1m^[22m[39m[31m[1m^[22m[39m[31m[1m^[22m[39m[31m[1m^[22m[39m[31m[1m^[22m[39m[31m[1m^[22m[39m[31m[1m^[22m[39m[31m[1m^[22m[39m[31m[1m^[22m[39m[31m[1m^[22m[39m[31m[1m^[22m[39m[31m[1m^[22m[39m[31m[1m^[22m[39m[31m[1m^[22m[39m[31m[1m^[22m[39m[31m[1m^[22m[39m[31m[1m^[22m[39m[31m[1m^[22m[39m[31m[1m^[22m[39m[31m[1m^[22m[39m[31m[1m^[22m[39m[31m[1m^[22m[39m
 [90m  8 |[39m
 [90m  9 |[39m [36mexport[39m [36mfunction[39m [33mHeader[39m() {
 [90m 10 |[39m   [36mconst[39m [isOpen[33m,[39m setIsOpen] [33m=[39m useState([36mfalse[39m)[33m;[39m[0m

The export Telegram was not found in module [project]/node_modules/lucide-react/dist/esm/lucide-react.js [app-ssr] (ecmascript).
Did you mean to import TreePalm?
All exports of the module are statically known (It doesn't have dynamic exports). So it's known statically that the requested export doesn't exist.

Import trace:
  Server Component:
    ./src/components/Header.tsx
    ./src/app/page.tsx


 GET / 500 in 27ms (compile: 18ms, render: 9ms)
 GET /api/signals/latest 500 in 224ms (compile: 217ms, render: 8ms)
 GET /api/signals/latest 500 in 13ms (compile: 7ms, render: 6ms)
âœ“ Compiled in 132ms
prisma:query SELECT `main`.`Signal`.`id`, `main`.`Signal`.`pair`, `main`.`Signal`.`type`, `main`.`Signal`.`entryPrice`, `main`.`Signal`.`takeProfit1`, `main`.`Signal`.`takeProfit2`, `main`.`Signal`.`stopLoss`, `main`.`Signal`.`analysis`, `main`.`Signal`.`status`, `main`.`Signal`.`createdAt`, `main`.`Signal`.`updatedAt`, `main`.`Signal`.`result`, `main`.`Signal`.`pips` FROM `main`.`Signal` WHERE `main`.`Signal`.`status` = ? ORDER BY `main`.`Signal`.`createdAt` DESC LIMIT ? OFFSET ?
 GET /api/signals/latest 200 in 123ms (compile: 96ms, render: 27ms)
prisma:query SELECT `main`.`SignalPerformance`.`id`, `main`.`SignalPerformance`.`totalSignals`, `main`.`SignalPerformance`.`winCount`, `main`.`SignalPerformance`.`lossCount`, `main`.`SignalPerformance`.`pendingCount`, `main`.`SignalPerformance`.`winRate`, `main`.`SignalPerformance`.`avgPips`, `main`.`SignalPerformance`.`updatedAt` FROM `main`.`SignalPerformance` WHERE 1=1 LIMIT ? OFFSET ?
prisma:query SELECT `main`.`Signal`.`id`, `main`.`Signal`.`pair`, `main`.`Signal`.`type`, `main`.`Signal`.`entryPrice`, `main`.`Signal`.`takeProfit1`, `main`.`Signal`.`takeProfit2`, `main`.`Signal`.`stopLoss`, `main`.`Signal`.`analysis`, `main`.`Signal`.`status`, `main`.`Signal`.`createdAt`, `main`.`Signal`.`updatedAt`, `main`.`Signal`.`result`, `main`.`Signal`.`pips` FROM `main`.`Signal` WHERE 1=1 LIMIT ? OFFSET ?
prisma:query INSERT INTO `main`.`SignalPerformance` (`id`, `totalSignals`, `winCount`, `lossCount`, `pendingCount`, `winRate`, `avgPips`, `updatedAt`) VALUES (?,?,?,?,?,?,?,?) RETURNING `id` AS `id`, `totalSignals` AS `totalSignals`, `winCount` AS `winCount`, `lossCount` AS `lossCount`, `pendingCount` AS `pendingCount`, `winRate` AS `winRate`, `avgPips` AS `avgPips`, `updatedAt` AS `updatedAt`
prisma:query SELECT `main`.`Signal`.`id`, `main`.`Signal`.`pair`, `main`.`Signal`.`type`, `main`.`Signal`.`entryPrice`, `main`.`Signal`.`takeProfit1`, `main`.`Signal`.`takeProfit2`, `main`.`Signal`.`stopLoss`, `main`.`Signal`.`analysis`, `main`.`Signal`.`status`, `main`.`Signal`.`createdAt`, `main`.`Signal`.`updatedAt`, `main`.`Signal`.`result`, `main`.`Signal`.`pips` FROM `main`.`Signal` WHERE 1=1 ORDER BY `main`.`Signal`.`createdAt` DESC LIMIT ? OFFSET ?
prisma:query SELECT `main`.`Signal`.`id`, `main`.`Signal`.`pair`, `main`.`Signal`.`type`, `main`.`Signal`.`entryPrice`, `main`.`Signal`.`takeProfit1`, `main`.`Signal`.`takeProfit2`, `main`.`Signal`.`stopLoss`, `main`.`Signal`.`analysis`, `main`.`Signal`.`status`, `main`.`Signal`.`createdAt`, `main`.`Signal`.`updatedAt`, `main`.`Signal`.`result`, `main`.`Signal`.`pips` FROM `main`.`Signal` WHERE 1=1 LIMIT ? OFFSET ?
 GET /api/performance 200 in 136ms (compile: 119ms, render: 17ms)
prisma:query INSERT INTO `main`.`Signal` (`id`, `pair`, `type`, `entryPrice`, `takeProfit1`, `takeProfit2`, `stopLoss`, `analysis`, `status`, `createdAt`, `updatedAt`, `result`) VALUES (?,?,?,?,?,?,?,?,?,?,?,?) RETURNING `id` AS `id`, `pair` AS `pair`, `type` AS `type`, `entryPrice` AS `entryPrice`, `takeProfit1` AS `takeProfit1`, `takeProfit2` AS `takeProfit2`, `stopLoss` AS `stopLoss`, `analysis` AS `analysis`, `status` AS `status`, `createdAt` AS `createdAt`, `updatedAt` AS `updatedAt`, `result` AS `result`, `pips` AS `pips`
prisma:query SELECT `main`.`Signal`.`id`, `main`.`Signal`.`pair`, `main`.`Signal`.`type`, `main`.`Signal`.`entryPrice`, `main`.`Signal`.`takeProfit1`, `main`.`Signal`.`takeProfit2`, `main`.`Signal`.`stopLoss`, `main`.`Signal`.`analysis`, `main`.`Signal`.`status`, `main`.`Signal`.`createdAt`, `main`.`Signal`.`updatedAt`, `main`.`Signal`.`result`, `main`.`Signal`.`pips` FROM `main`.`Signal` WHERE `main`.`Signal`.`status` <> ? LIMIT ? OFFSET ?
prisma:query SELECT `main`.`SignalPerformance`.`id`, `main`.`SignalPerformance`.`totalSignals`, `main`.`SignalPerformance`.`winCount`, `main`.`SignalPerformance`.`lossCount`, `main`.`SignalPerformance`.`pendingCount`, `main`.`SignalPerformance`.`winRate`, `main`.`SignalPerformance`.`avgPips`, `main`.`SignalPerformance`.`updatedAt` FROM `main`.`SignalPerformance` WHERE 1=1 LIMIT ? OFFSET ?
prisma:query UPDATE `main`.`SignalPerformance` SET `totalSignals` = ?, `winCount` = ?, `lossCount` = ?, `pendingCount` = ?, `winRate` = ?, `avgPips` = ?, `updatedAt` = ? WHERE (`main`.`SignalPerformance`.`id` = ? AND 1=1) RETURNING `id` AS `id`, `totalSignals` AS `totalSignals`, `winCount` AS `winCount`, `lossCount` AS `lossCount`, `pendingCount` AS `pendingCount`, `winRate` AS `winRate`, `avgPips` AS `avgPips`, `updatedAt` AS `updatedAt`
 POST /api/signals 201 in 109ms (compile: 93ms, render: 17ms)
prisma:query SELECT `main`.`Signal`.`id`, `main`.`Signal`.`pair`, `main`.`Signal`.`type`, `main`.`Signal`.`entryPrice`, `main`.`Signal`.`takeProfit1`, `main`.`Signal`.`takeProfit2`, `main`.`Signal`.`stopLoss`, `main`.`Signal`.`analysis`, `main`.`Signal`.`status`, `main`.`Signal`.`createdAt`, `main`.`Signal`.`updatedAt`, `main`.`Signal`.`result`, `main`.`Signal`.`pips` FROM `main`.`Signal` WHERE `main`.`Signal`.`status` = ? ORDER BY `main`.`Signal`.`createdAt` DESC LIMIT ? OFFSET ?
 GET /api/signals/latest 200 in 8ms (compile: 2ms, render: 6ms)
prisma:query SELECT 1
prisma:query INSERT INTO `main`.`Signal` (`id`, `pair`, `type`, `entryPrice`, `takeProfit1`, `takeProfit2`, `stopLoss`, `analysis`, `status`, `createdAt`, `updatedAt`, `result`) VALUES (?,?,?,?,?,?,?,?,?,?,?,?) RETURNING `id` AS `id`, `pair` AS `pair`, `type` AS `type`, `entryPrice` AS `entryPrice`, `takeProfit1` AS `takeProfit1`, `takeProfit2` AS `takeProfit2`, `stopLoss` AS `stopLoss`, `analysis` AS `analysis`, `status` AS `status`, `createdAt` AS `createdAt`, `updatedAt` AS `updatedAt`, `result` AS `result`, `pips` AS `pips`
prisma:query SELECT `main`.`Signal`.`id`, `main`.`Signal`.`pair`, `main`.`Signal`.`type`, `main`.`Signal`.`entryPrice`, `main`.`Signal`.`takeProfit1`, `main`.`Signal`.`takeProfit2`, `main`.`Signal`.`stopLoss`, `main`.`Signal`.`analysis`, `main`.`Signal`.`status`, `main`.`Signal`.`createdAt`, `main`.`Signal`.`updatedAt`, `main`.`Signal`.`result`, `main`.`Signal`.`pips` FROM `main`.`Signal` WHERE `main`.`Signal`.`status` <> ? LIMIT ? OFFSET ?
prisma:query SELECT `main`.`SignalPerformance`.`id`, `main`.`SignalPerformance`.`totalSignals`, `main`.`SignalPerformance`.`winCount`, `main`.`SignalPerformance`.`lossCount`, `main`.`SignalPerformance`.`pendingCount`, `main`.`SignalPerformance`.`winRate`, `main`.`SignalPerformance`.`avgPips`, `main`.`SignalPerformance`.`updatedAt` FROM `main`.`SignalPerformance` WHERE 1=1 LIMIT ? OFFSET ?
prisma:query UPDATE `main`.`SignalPerformance` SET `totalSignals` = ?, `winCount` = ?, `lossCount` = ?, `pendingCount` = ?, `winRate` = ?, `avgPips` = ?, `updatedAt` = ? WHERE (`main`.`SignalPerformance`.`id` = ? AND 1=1) RETURNING `id` AS `id`, `totalSignals` AS `totalSignals`, `winCount` AS `winCount`, `lossCount` AS `lossCount`, `pendingCount` AS `pendingCount`, `winRate` AS `winRate`, `avgPips` AS `avgPips`, `updatedAt` AS `updatedAt`
 POST /api/signals 201 in 12ms (compile: 2ms, render: 10ms)
prisma:query INSERT INTO `main`.`Signal` (`id`, `pair`, `type`, `entryPrice`, `takeProfit1`, `takeProfit2`, `stopLoss`, `analysis`, `status`, `createdAt`, `updatedAt`, `result`) VALUES (?,?,?,?,?,?,?,?,?,?,?,?) RETURNING `id` AS `id`, `pair` AS `pair`, `type` AS `type`, `entryPrice` AS `entryPrice`, `takeProfit1` AS `takeProfit1`, `takeProfit2` AS `takeProfit2`, `stopLoss` AS `stopLoss`, `analysis` AS `analysis`, `status` AS `status`, `createdAt` AS `createdAt`, `updatedAt` AS `updatedAt`, `result` AS `result`, `pips` AS `pips`
prisma:query SELECT `main`.`Signal`.`id`, `main`.`Signal`.`pair`, `main`.`Signal`.`type`, `main`.`Signal`.`entryPrice`, `main`.`Signal`.`takeProfit1`, `main`.`Signal`.`takeProfit2`, `main`.`Signal`.`stopLoss`, `main`.`Signal`.`analysis`, `main`.`Signal`.`status`, `main`.`Signal`.`createdAt`, `main`.`Signal`.`updatedAt`, `main`.`Signal`.`result`, `main`.`Signal`.`pips` FROM `main`.`Signal` WHERE `main`.`Signal`.`status` <> ? LIMIT ? OFFSET ?
prisma:query SELECT `main`.`SignalPerformance`.`id`, `main`.`SignalPerformance`.`totalSignals`, `main`.`SignalPerformance`.`winCount`, `main`.`SignalPerformance`.`lossCount`, `main`.`SignalPerformance`.`pendingCount`, `main`.`SignalPerformance`.`winRate`, `main`.`SignalPerformance`.`avgPips`, `main`.`SignalPerformance`.`updatedAt` FROM `main`.`SignalPerformance` WHERE 1=1 LIMIT ? OFFSET ?
prisma:query UPDATE `main`.`SignalPerformance` SET `totalSignals` = ?, `winCount` = ?, `lossCount` = ?, `pendingCount` = ?, `winRate` = ?, `avgPips` = ?, `updatedAt` = ? WHERE (`main`.`SignalPerformance`.`id` = ? AND 1=1) RETURNING `id` AS `id`, `totalSignals` AS `totalSignals`, `winCount` AS `winCount`, `lossCount` AS `lossCount`, `pendingCount` AS `pendingCount`, `winRate` AS `winRate`, `avgPips` AS `avgPips`, `updatedAt` AS `updatedAt`
 POST /api/signals 201 in 10ms (compile: 1204Âµs, render: 8ms)
prisma:query INSERT INTO `main`.`Signal` (`id`, `pair`, `type`, `entryPrice`, `takeProfit1`, `takeProfit2`, `stopLoss`, `analysis`, `status`, `createdAt`, `updatedAt`, `result`) VALUES (?,?,?,?,?,?,?,?,?,?,?,?) RETURNING `id` AS `id`, `pair` AS `pair`, `type` AS `type`, `entryPrice` AS `entryPrice`, `takeProfit1` AS `takeProfit1`, `takeProfit2` AS `takeProfit2`, `stopLoss` AS `stopLoss`, `analysis` AS `analysis`, `status` AS `status`, `createdAt` AS `createdAt`, `updatedAt` AS `updatedAt`, `result` AS `result`, `pips` AS `pips`
prisma:query SELECT `main`.`Signal`.`id`, `main`.`Signal`.`pair`, `main`.`Signal`.`type`, `main`.`Signal`.`entryPrice`, `main`.`Signal`.`takeProfit1`, `main`.`Signal`.`takeProfit2`, `main`.`Signal`.`stopLoss`, `main`.`Signal`.`analysis`, `main`.`Signal`.`status`, `main`.`Signal`.`createdAt`, `main`.`Signal`.`updatedAt`, `main`.`Signal`.`result`, `main`.`Signal`.`pips` FROM `main`.`Signal` WHERE `main`.`Signal`.`status` <> ? LIMIT ? OFFSET ?
prisma:query SELECT `main`.`SignalPerformance`.`id`, `main`.`SignalPerformance`.`totalSignals`, `main`.`SignalPerformance`.`winCount`, `main`.`SignalPerformance`.`lossCount`, `main`.`SignalPerformance`.`pendingCount`, `main`.`SignalPerformance`.`winRate`, `main`.`SignalPerformance`.`avgPips`, `main`.`SignalPerformance`.`updatedAt` FROM `main`.`SignalPerformance` WHERE 1=1 LIMIT ? OFFSET ?
prisma:query UPDATE `main`.`SignalPerformance` SET `totalSignals` = ?, `winCount` = ?, `lossCount` = ?, `pendingCount` = ?, `winRate` = ?, `avgPips` = ?, `updatedAt` = ? WHERE (`main`.`SignalPerformance`.`id` = ? AND 1=1) RETURNING `id` AS `id`, `totalSignals` AS `totalSignals`, `winCount` AS `winCount`, `lossCount` AS `lossCount`, `pendingCount` AS `pendingCount`, `winRate` AS `winRate`, `avgPips` AS `avgPips`, `updatedAt` AS `updatedAt`
 POST /api/signals 201 in 7ms (compile: 1125Âµs, render: 6ms)
 GET / 200 in 380ms (compile: 136ms, render: 244ms)
âœ“ Compiled in 131ms
 GET / 200 in 245ms (compile: 58ms, render: 187ms)
prisma:query SELECT 1
prisma:query SELECT `main`.`Signal`.`id`, `main`.`Signal`.`pair`, `main`.`Signal`.`type`, `main`.`Signal`.`entryPrice`, `main`.`Signal`.`takeProfit1`, `main`.`Signal`.`takeProfit2`, `main`.`Signal`.`stopLoss`, `main`.`Signal`.`analysis`, `main`.`Signal`.`status`, `main`.`Signal`.`createdAt`, `main`.`Signal`.`updatedAt`, `main`.`Signal`.`result`, `main`.`Signal`.`pips` FROM `main`.`Signal` WHERE `main`.`Signal`.`status` = ? ORDER BY `main`.`Signal`.`createdAt` DESC LIMIT ? OFFSET ?
 GET /api/signals/latest 200 in 9ms (compile: 2ms, render: 7ms)
prisma:query SELECT `main`.`SignalPerformance`.`id`, `main`.`SignalPerformance`.`totalSignals`, `main`.`SignalPerformance`.`winCount`, `main`.`SignalPerformance`.`lossCount`, `main`.`SignalPerformance`.`pendingCount`, `main`.`SignalPerformance`.`winRate`, `main`.`SignalPerformance`.`avgPips`, `main`.`SignalPerformance`.`updatedAt` FROM `main`.`SignalPerformance` WHERE 1=1 LIMIT ? OFFSET ?
prisma:query SELECT `main`.`Signal`.`id`, `main`.`Signal`.`pair`, `main`.`Signal`.`type`, `main`.`Signal`.`entryPrice`, `main`.`Signal`.`takeProfit1`, `main`.`Signal`.`takeProfit2`, `main`.`Signal`.`stopLoss`, `main`.`Signal`.`analysis`, `main`.`Signal`.`status`, `main`.`Signal`.`createdAt`, `main`.`Signal`.`updatedAt`, `main`.`Signal`.`result`, `main`.`Signal`.`pips` FROM `main`.`Signal` WHERE 1=1 ORDER BY `main`.`Signal`.`createdAt` DESC LIMIT ? OFFSET ?
prisma:query SELECT `main`.`Signal`.`id`, `main`.`Signal`.`pair`, `main`.`Signal`.`type`, `main`.`Signal`.`entryPrice`, `main`.`Signal`.`takeProfit1`, `main`.`Signal`.`takeProfit2`, `main`.`Signal`.`stopLoss`, `main`.`Signal`.`analysis`, `main`.`Signal`.`status`, `main`.`Signal`.`createdAt`, `main`.`Signal`.`updatedAt`, `main`.`Signal`.`result`, `main`.`Signal`.`pips` FROM `main`.`Signal` WHERE 1=1 LIMIT ? OFFSET ?
 GET /api/performance 200 in 11ms (compile: 2ms, render: 8ms)
âœ“ Compiled in 198ms
âœ“ Compiled in 130ms
âš  metadataBase property in metadata export is not set for resolving social open graph or twitter images, using "http://localhost:3000". See https://nextjs.org/docs/app/api-reference/functions/generate-metadata#metadatabase
 GET / 200 in 104ms (compile: 60ms, render: 44ms)
 GET / 200 in 46ms (compile: 3ms, render: 43ms)
 GET / 200 in 207ms (compile: 3ms, render: 204ms)
prisma:query SELECT 1
prisma:query SELECT `main`.`SignalPerformance`.`id`, `main`.`SignalPerformance`.`totalSignals`, `main`.`SignalPerformance`.`winCount`, `main`.`SignalPerformance`.`lossCount`, `main`.`SignalPerformance`.`pendingCount`, `main`.`SignalPerformance`.`winRate`, `main`.`SignalPerformance`.`avgPips`, `main`.`SignalPerformance`.`updatedAt` FROM `main`.`SignalPerformance` WHERE 1=1 LIMIT ? OFFSET ?
prisma:query SELECT `main`.`Signal`.`id`, `main`.`Signal`.`pair`, `main`.`Signal`.`type`, `main`.`Signal`.`entryPrice`, `main`.`Signal`.`takeProfit1`, `main`.`Signal`.`takeProfit2`, `main`.`Signal`.`stopLoss`, `main`.`Signal`.`analysis`, `main`.`Signal`.`status`, `main`.`Signal`.`createdAt`, `main`.`Signal`.`updatedAt`, `main`.`Signal`.`result`, `main`.`Signal`.`pips` FROM `main`.`Signal` WHERE 1=1 ORDER BY `main`.`Signal`.`createdAt` DESC LIMIT ? OFFSET ?
prisma:query SELECT `main`.`Signal`.`id`, `main`.`Signal`.`pair`, `main`.`Signal`.`type`, `main`.`Signal`.`entryPrice`, `main`.`Signal`.`takeProfit1`, `main`.`Signal`.`takeProfit2`, `main`.`Signal`.`stopLoss`, `main`.`Signal`.`analysis`, `main`.`Signal`.`status`, `main`.`Signal`.`createdAt`, `main`.`Signal`.`updatedAt`, `main`.`Signal`.`result`, `main`.`Signal`.`pips` FROM `main`.`Signal` WHERE 1=1 LIMIT ? OFFSET ?
 GET /api/performance 200 in 10ms (compile: 1650Âµs, render: 8ms)
prisma:query SELECT `main`.`Signal`.`id`, `main`.`Signal`.`pair`, `main`.`Signal`.`type`, `main`.`Signal`.`entryPrice`, `main`.`Signal`.`takeProfit1`, `main`.`Signal`.`takeProfit2`, `main`.`Signal`.`stopLoss`, `main`.`Signal`.`analysis`, `main`.`Signal`.`status`, `main`.`Signal`.`createdAt`, `main`.`Signal`.`updatedAt`, `main`.`Signal`.`result`, `main`.`Signal`.`pips` FROM `main`.`Signal` WHERE `main`.`Signal`.`status` = ? ORDER BY `main`.`Signal`.`createdAt` DESC LIMIT ? OFFSET ?
 GET /api/signals/latest 200 in 6ms (compile: 1681Âµs, render: 5ms)
 GET / 200 in 88ms (compile: 1986Âµs, render: 86ms)
âš  metadataBase property in metadata export is not set for resolving social open graph or twitter images, using "http://localhost:3000". See https://nextjs.org/docs/app/api-reference/functions/generate-metadata#metadatabase
 GET / 200 in 96ms (compile: 52ms, render: 45ms)
 GET / 200 in 27ms (compile: 2ms, render: 25ms)
 GET / 200 in 22ms (compile: 2ms, render: 20ms)
 GET / 200 in 17ms (compile: 1663Âµs, render: 16ms)
 GET / 200 in 29ms (compile: 1915Âµs, render: 27ms)
 GET / 200 in 18ms (compile: 1798Âµs, render: 16ms)
 GET / 200 in 20ms (compile: 1395Âµs, render: 18ms)
 GET / 200 in 40ms (compile: 1627Âµs, render: 38ms)
 GET / 200 in 24ms (compile: 1359Âµs, render: 23ms)
 GET / 200 in 18ms (compile: 1877Âµs, render: 17ms)
 GET / 200 in 17ms (compile: 1676Âµs, render: 15ms)
 GET / 200 in 54ms (compile: 1695Âµs, render: 53ms)
 GET / 200 in 30ms (compile: 1996Âµs, render: 28ms)
 GET / 200 in 17ms (compile: 1640Âµs, render: 15ms)
 GET / 200 in 21ms (compile: 1741Âµs, render: 19ms)
 GET / 200 in 33ms (compile: 2ms, render: 31ms)
 GET / 200 in 19ms (compile: 2ms, render: 17ms)
 GET / 200 in 18ms (compile: 1936Âµs, render: 16ms)
 GET / 200 in 31ms (compile: 3ms, render: 28ms)
 GET / 200 in 176ms (compile: 1955Âµs, render: 174ms)
prisma:query SELECT 1
prisma:query SELECT `main`.`Signal`.`id`, `main`.`Signal`.`pair`, `main`.`Signal`.`type`, `main`.`Signal`.`entryPrice`, `main`.`Signal`.`takeProfit1`, `main`.`Signal`.`takeProfit2`, `main`.`Signal`.`stopLoss`, `main`.`Signal`.`analysis`, `main`.`Signal`.`status`, `main`.`Signal`.`createdAt`, `main`.`Signal`.`updatedAt`, `main`.`Signal`.`result`, `main`.`Signal`.`pips` FROM `main`.`Signal` WHERE `main`.`Signal`.`status` = ? ORDER BY `main`.`Signal`.`createdAt` DESC LIMIT ? OFFSET ?
 GET /api/signals/latest 200 in 36ms (compile: 24ms, render: 12ms)
prisma:query SELECT `main`.`SignalPerformance`.`id`, `main`.`SignalPerformance`.`totalSignals`, `main`.`SignalPerformance`.`winCount`, `main`.`SignalPerformance`.`lossCount`, `main`.`SignalPerformance`.`pendingCount`, `main`.`SignalPerformance`.`winRate`, `main`.`SignalPerformance`.`avgPips`, `main`.`SignalPerformance`.`updatedAt` FROM `main`.`SignalPerformance` WHERE 1=1 LIMIT ? OFFSET ?
prisma:query SELECT `main`.`Signal`.`id`, `main`.`Signal`.`pair`, `main`.`Signal`.`type`, `main`.`Signal`.`entryPrice`, `main`.`Signal`.`takeProfit1`, `main`.`Signal`.`takeProfit2`, `main`.`Signal`.`stopLoss`, `main`.`Signal`.`analysis`, `main`.`Signal`.`status`, `main`.`Signal`.`createdAt`, `main`.`Signal`.`updatedAt`, `main`.`Signal`.`result`, `main`.`Signal`.`pips` FROM `main`.`Signal` WHERE 1=1 ORDER BY `main`.`Signal`.`createdAt` DESC LIMIT ? OFFSET ?
prisma:query SELECT `main`.`Signal`.`id`, `main`.`Signal`.`pair`, `main`.`Signal`.`type`, `main`.`Signal`.`entryPrice`, `main`.`Signal`.`takeProfit1`, `main`.`Signal`.`takeProfit2`, `main`.`Signal`.`stopLoss`, `main`.`Signal`.`analysis`, `main`.`Signal`.`status`, `main`.`Signal`.`createdAt`, `main`.`Signal`.`updatedAt`, `main`.`Signal`.`result`, `main`.`Signal`.`pips` FROM `main`.`Signal` WHERE 1=1 LIMIT ? OFFSET ?
 GET /api/performance 200 in 31ms (compile: 21ms, render: 11ms)
âœ“ Compiled in 140ms
âš  Fast Refresh had to perform a full reload when ./src/components/PWAInstall.tsx changed. Read more: https://nextjs.org/docs/messages/fast-refresh-reload
prisma:query SELECT 1
prisma:query SELECT `main`.`Signal`.`id`, `main`.`Signal`.`pair`, `main`.`Signal`.`type`, `main`.`Signal`.`entryPrice`, `main`.`Signal`.`takeProfit1`, `main`.`Signal`.`takeProfit2`, `main`.`Signal`.`stopLoss`, `main`.`Signal`.`analysis`, `main`.`Signal`.`status`, `main`.`Signal`.`createdAt`, `main`.`Signal`.`updatedAt`, `main`.`Signal`.`result`, `main`.`Signal`.`pips` FROM `main`.`Signal` WHERE `main`.`Signal`.`status` = ? ORDER BY `main`.`Signal`.`createdAt` DESC LIMIT ? OFFSET ?
 GET /api/signals/latest 200 in 10ms (compile: 3ms, render: 7ms)
prisma:query SELECT `main`.`SignalPerformance`.`id`, `main`.`SignalPerformance`.`totalSignals`, `main`.`SignalPerformance`.`winCount`, `main`.`SignalPerformance`.`lossCount`, `main`.`SignalPerformance`.`pendingCount`, `main`.`SignalPerformance`.`winRate`, `main`.`SignalPerformance`.`avgPips`, `main`.`SignalPerformance`.`updatedAt` FROM `main`.`SignalPerformance` WHERE 1=1 LIMIT ? OFFSET ?
prisma:query SELECT `main`.`Signal`.`id`, `main`.`Signal`.`pair`, `main`.`Signal`.`type`, `main`.`Signal`.`entryPrice`, `main`.`Signal`.`takeProfit1`, `main`.`Signal`.`takeProfit2`, `main`.`Signal`.`stopLoss`, `main`.`Signal`.`analysis`, `main`.`Signal`.`status`, `main`.`Signal`.`createdAt`, `main`.`Signal`.`updatedAt`, `main`.`Signal`.`result`, `main`.`Signal`.`pips` FROM `main`.`Signal` WHERE 1=1 ORDER BY `main`.`Signal`.`createdAt` DESC LIMIT ? OFFSET ?
 GET /api/performance 200 in 16ms (compile: 2ms, render: 14ms)
prisma:query SELECT `main`.`Signal`.`id`, `main`.`Signal`.`pair`, `main`.`Signal`.`type`, `main`.`Signal`.`entryPrice`, `main`.`Signal`.`takeProfit1`, `main`.`Signal`.`takeProfit2`, `main`.`Signal`.`stopLoss`, `main`.`Signal`.`analysis`, `main`.`Signal`.`status`, `main`.`Signal`.`createdAt`, `main`.`Signal`.`updatedAt`, `main`.`Signal`.`result`, `main`.`Signal`.`pips` FROM `main`.`Signal` WHERE 1=1 LIMIT ? OFFSET ?
âš  metadataBase property in metadata export is not set for resolving social open graph or twitter images, using "http://localhost:3000". See https://nextjs.org/docs/app/api-reference/functions/generate-metadata#metadatabase
 GET / 200 in 234ms (compile: 50ms, render: 183ms)
âœ“ Compiled in 120ms
âœ“ Compiled in 155ms
âœ“ Compiled in 138ms
âœ“ Compiled in 137ms
âš  metadataBase property in metadata export is not set for resolving social open graph or twitter images, using "http://localhost:3000". See https://nextjs.org/docs/app/api-reference/functions/generate-metadata#metadatabase
 GET / 200 in 294ms (compile: 55ms, render: 239ms)
prisma:query SELECT 1
prisma:query SELECT `main`.`Signal`.`id`, `main`.`Signal`.`pair`, `main`.`Signal`.`type`, `main`.`Signal`.`entryPrice`, `main`.`Signal`.`takeProfit1`, `main`.`Signal`.`takeProfit2`, `main`.`Signal`.`stopLoss`, `main`.`Signal`.`analysis`, `main`.`Signal`.`status`, `main`.`Signal`.`createdAt`, `main`.`Signal`.`updatedAt`, `main`.`Signal`.`result`, `main`.`Signal`.`pips` FROM `main`.`Signal` WHERE `main`.`Signal`.`status` = ? ORDER BY `main`.`Signal`.`createdAt` DESC LIMIT ? OFFSET ?
 GET /api/signals/latest 200 in 7ms (compile: 1807Âµs, render: 5ms)
â¨¯ ./node_modules/next/dist/client/app-index.js:11:34
Module not found: Can't resolve '@swc/helpers/_/_interop_require_default'
Import map: aliased to module '@swc/helpers' with subpath '/_/_interop_require_default' inside of [project]/node_modules/next


Import trace:
  Client Component Browser:
    ./node_modules/next/dist/client/app-index.js
    ./node_modules/next/dist/client/app-next-turbopack.js

https://nextjs.org/docs/messages/module-not-found


â¨¯ ./node_modules/next/dist/client/components/app-router.js:11:34
Module not found: Can't resolve '@swc/helpers/_/_interop_require_default'
Import map: aliased to module '@swc/helpers' with subpath '/_/_interop_require_default' inside of [project]/node_modules/next


Import trace:
  Client Component Browser:
    ./node_modules/next/dist/client/components/app-router.js
    ./node_modules/next/dist/client/app-index.js
    ./node_modules/next/dist/client/app-next-turbopack.js

https://nextjs.org/docs/messages/module-not-found


â¨¯ ./node_modules/next/dist/client/components/dev-root-http-access-fallback-boundary.js:24:34
Module not found: Can't resolve '@swc/helpers/_/_interop_require_default'
Import map: aliased to module '@swc/helpers' with subpath '/_/_interop_require_default' inside of [project]/node_modules/next


Import trace:
  Client Component Browser:
    ./node_modules/next/dist/client/components/dev-root-http-access-fallback-boundary.js
    ./node_modules/next/dist/client/components/app-router.js
    ./node_modules/next/dist/client/app-index.js
    ./node_modules/next/dist/client/app-next-turbopack.js

https://nextjs.org/docs/messages/module-not-found


â¨¯ ./node_modules/next/dist/client/components/error-boundary.js:24:34
Module not found: Can't resolve '@swc/helpers/_/_interop_require_default'
Import map: aliased to module '@swc/helpers' with subpath '/_/_interop_require_default' inside of [project]/node_modules/next


Import trace:
  Client Component Browser:
    ./node_modules/next/dist/client/components/error-boundary.js
    ./node_modules/next/dist/client/react-client-callbacks/error-boundary-callbacks.js
    ./node_modules/next/dist/client/app-index.js
    ./node_modules/next/dist/client/app-next-turbopack.js

https://nextjs.org/docs/messages/module-not-found


â¨¯ ./node_modules/next/dist/client/components/errors/root-error-boundary.js:12:34
Module not found: Can't resolve '@swc/helpers/_/_interop_require_default'
Import map: aliased to module '@swc/helpers' with subpath '/_/_interop_require_default' inside of [project]/node_modules/next


Import trace:
  Client Component Browser:
    ./node_modules/next/dist/client/components/errors/root-error-boundary.js
    ./node_modules/next/dist/client/components/app-router.js
    ./node_modules/next/dist/client/app-index.js
    ./node_modules/next/dist/client/app-next-turbopack.js

https://nextjs.org/docs/messages/module-not-found


â¨¯ ./node_modules/next/dist/client/components/layout-router.js:15:34
Module not found: Can't resolve '@swc/helpers/_/_interop_require_default'
Import map: aliased to module '@swc/helpers' with subpath '/_/_interop_require_default' inside of [project]/node_modules/next


Import trace:
  Client Component Browser:
    ./node_modules/next/dist/client/components/layout-router.js [Client Component Browser]
    ./node_modules/next/dist/esm/client/components/layout-router.js [Server Component]
    ./node_modules/next/dist/esm/server/app-render/entry-base.js [Server Component]

https://nextjs.org/docs/messages/module-not-found


â¨¯ ./node_modules/next/dist/client/dev/hot-reloader/app/hot-reloader-app.js:32:34
Module not found: Can't resolve '@swc/helpers/_/_interop_require_default'
Import map: aliased to module '@swc/helpers' with subpath '/_/_interop_require_default' inside of [project]/node_modules/next


Import trace:
  Client Component Browser:
    ./node_modules/next/dist/client/dev/hot-reloader/app/hot-reloader-app.js
    ./node_modules/next/dist/client/dev/hot-reloader/app/web-socket.js
    ./node_modules/next/dist/client/app-index.js
    ./node_modules/next/dist/client/app-next-turbopack.js

https://nextjs.org/docs/messages/module-not-found


â¨¯ ./node_modules/next/dist/client/lib/console.js:23:34
Module not found: Can't resolve '@swc/helpers/_/_interop_require_default'
Import map: aliased to module '@swc/helpers' with subpath '/_/_interop_require_default' inside of [project]/node_modules/next


Import trace:
  Client Component Browser:
    ./node_modules/next/dist/client/lib/console.js
    ./node_modules/next/dist/next-devtools/userspace/app/errors/use-error-handler.js
    ./node_modules/next/dist/client/dev/hot-reloader/app/hot-reloader-app.js
    ./node_modules/next/dist/client/components/app-router.js
    ./node_modules/next/dist/client/app-index.js
    ./node_modules/next/dist/client/app-next-turbopack.js

https://nextjs.org/docs/messages/module-not-found


â¨¯ ./node_modules/next/dist/client/react-client-callbacks/error-boundary-callbacks.js:24:34
Module not found: Can't resolve '@swc/helpers/_/_interop_require_default'
Import map: aliased to module '@swc/helpers' with subpath '/_/_interop_require_default' inside of [project]/node_modules/next


Import trace:
  Client Component Browser:
    ./node_modules/next/dist/client/react-client-callbacks/error-boundary-callbacks.js
    ./node_modules/next/dist/client/app-index.js
    ./node_modules/next/dist/client/app-next-turbopack.js

https://nextjs.org/docs/messages/module-not-found


â¨¯ ./node_modules/next/dist/client/react-client-callbacks/on-recoverable-error.js:24:34
Module not found: Can't resolve '@swc/helpers/_/_interop_require_default'
Import map: aliased to module '@swc/helpers' with subpath '/_/_interop_require_default' inside of [project]/node_modules/next


Import trace:
  Client Component Browser:
    ./node_modules/next/dist/client/react-client-callbacks/on-recoverable-error.js
    ./node_modules/next/dist/client/app-next-turbopack.js

https://nextjs.org/docs/messages/module-not-found


â¨¯ ./node_modules/next/dist/next-devtools/userspace/app/app-dev-overlay-error-boundary.js:11:34
Module not found: Can't resolve '@swc/helpers/_/_interop_require_default'
Import map: aliased to module '@swc/helpers' with subpath '/_/_interop_require_default' inside of [project]/node_modules/next


Import trace:
  Client Component Browser:
    ./node_modules/next/dist/next-devtools/userspace/app/app-dev-overlay-error-boundary.js
    ./node_modules/next/dist/next-devtools/userspace/app/client-entry.js
    ./node_modules/next/dist/client/app-index.js
    ./node_modules/next/dist/client/app-next-turbopack.js

https://nextjs.org/docs/messages/module-not-found


â¨¯ ./node_modules/next/dist/next-devtools/userspace/app/client-entry.js:11:34
Module not found: Can't resolve '@swc/helpers/_/_interop_require_default'
Import map: aliased to module '@swc/helpers' with subpath '/_/_interop_require_default' inside of [project]/node_modules/next


Import trace:
  Client Component Browser:
    ./node_modules/next/dist/next-devtools/userspace/app/client-entry.js
    ./node_modules/next/dist/client/app-index.js
    ./node_modules/next/dist/client/app-next-turbopack.js

https://nextjs.org/docs/messages/module-not-found


â¨¯ ./node_modules/next/dist/next-devtools/userspace/app/errors/intercept-console-error.js:23:34
Module not found: Can't resolve '@swc/helpers/_/_interop_require_default'
Import map: aliased to module '@swc/helpers' with subpath '/_/_interop_require_default' inside of [project]/node_modules/next


Import trace:
  Client Component Browser:
    ./node_modules/next/dist/next-devtools/userspace/app/errors/intercept-console-error.js
    ./node_modules/next/dist/next-devtools/userspace/app/errors/index.js
    ./node_modules/next/dist/client/react-client-callbacks/error-boundary-callbacks.js
    ./node_modules/next/dist/client/app-index.js
    ./node_modules/next/dist/client/app-next-turbopack.js

https://nextjs.org/docs/messages/module-not-found


â¨¯ ./node_modules/next/dist/next-devtools/userspace/app/errors/stitched-error.js:35:34
Module not found: Can't resolve '@swc/helpers/_/_interop_require_default'
Import map: aliased to module '@swc/helpers' with subpath '/_/_interop_require_default' inside of [project]/node_modules/next


Import trace:
  Client Component Browser:
    ./node_modules/next/dist/next-devtools/userspace/app/errors/stitched-error.js
    ./node_modules/next/dist/client/app-next-turbopack.js

https://nextjs.org/docs/messages/module-not-found


â¨¯ ./node_modules/next/dist/next-devtools/userspace/app/errors/use-error-handler.js:31:34
Module not found: Can't resolve '@swc/helpers/_/_interop_require_default'
Import map: aliased to module '@swc/helpers' with subpath '/_/_interop_require_default' inside of [project]/node_modules/next


Import trace:
  Client Component Browser:
    ./node_modules/next/dist/next-devtools/userspace/app/errors/use-error-handler.js
    ./node_modules/next/dist/client/dev/hot-reloader/app/hot-reloader-app.js
    ./node_modules/next/dist/client/components/app-router.js
    ./node_modules/next/dist/client/app-index.js
    ./node_modules/next/dist/client/app-next-turbopack.js

https://nextjs.org/docs/messages/module-not-found


â¨¯ ./node_modules/next/dist/shared/lib/app-router-context.shared-runtime.js:36:34
Module not found: Can't resolve '@swc/helpers/_/_interop_require_default'
Import map: aliased to module '@swc/helpers' with subpath '/_/_interop_require_default' inside of [project]/node_modules/next


Import trace:
  Client Component Browser:
    ./node_modules/next/dist/shared/lib/app-router-context.shared-runtime.js
    ./node_modules/next/dist/client/app-index.js
    ./node_modules/next/dist/client/app-next-turbopack.js

https://nextjs.org/docs/messages/module-not-found


â¨¯ ./node_modules/next/dist/shared/lib/format-webpack-messages.js:33:34
Module not found: Can't resolve '@swc/helpers/_/_interop_require_default'
Import map: aliased to module '@swc/helpers' with subpath '/_/_interop_require_default' inside of [project]/node_modules/next


Import trace:
  Client Component Browser:
    ./node_modules/next/dist/shared/lib/format-webpack-messages.js
    ./node_modules/next/dist/client/dev/hot-reloader/app/hot-reloader-app.js
    ./node_modules/next/dist/client/dev/hot-reloader/app/web-socket.js
    ./node_modules/next/dist/client/app-index.js
    ./node_modules/next/dist/client/app-next-turbopack.js

https://nextjs.org/docs/messages/module-not-found


â¨¯ ./node_modules/next/dist/shared/lib/head-manager-context.shared-runtime.js:11:34
Module not found: Can't resolve '@swc/helpers/_/_interop_require_default'
Import map: aliased to module '@swc/helpers' with subpath '/_/_interop_require_default' inside of [project]/node_modules/next


Import trace:
  Client Component Browser:
    ./node_modules/next/dist/shared/lib/head-manager-context.shared-runtime.js
    ./node_modules/next/dist/client/app-index.js
    ./node_modules/next/dist/client/app-next-turbopack.js

https://nextjs.org/docs/messages/module-not-found


â¨¯ ./node_modules/next/dist/client/components/app-router.js:12:35
Module not found: Can't resolve '@swc/helpers/_/_interop_require_wildcard'
Import map: aliased to module '@swc/helpers' with subpath '/_/_interop_require_wildcard' inside of [project]/node_modules/next


Import trace:
  Client Component Browser:
    ./node_modules/next/dist/client/components/app-router.js
    ./node_modules/next/dist/client/app-index.js
    ./node_modules/next/dist/client/app-next-turbopack.js

https://nextjs.org/docs/messages/module-not-found


â¨¯ ./node_modules/next/dist/client/components/http-access-fallback/error-boundary.js:12:35
Module not found: Can't resolve '@swc/helpers/_/_interop_require_wildcard'
Import map: aliased to module '@swc/helpers' with subpath '/_/_interop_require_wildcard' inside of [project]/node_modules/next


Import trace:
  Client Component Browser:
    ./node_modules/next/dist/client/components/http-access-fallback/error-boundary.js
    ./node_modules/next/dist/client/components/dev-root-http-access-fallback-boundary.js
    ./node_modules/next/dist/client/components/app-router.js
    ./node_modules/next/dist/client/app-index.js
    ./node_modules/next/dist/client/app-next-turbopack.js

https://nextjs.org/docs/messages/module-not-found


â¨¯ ./node_modules/next/dist/client/components/layout-router.js:16:35
Module not found: Can't resolve '@swc/helpers/_/_interop_require_wildcard'
Import map: aliased to module '@swc/helpers' with subpath '/_/_interop_require_wildcard' inside of [project]/node_modules/next


Import trace:
  Client Component Browser:
    ./node_modules/next/dist/client/components/layout-router.js [Client Component Browser]
    ./node_modules/next/dist/esm/client/components/layout-router.js [Server Component]
    ./node_modules/next/dist/esm/server/app-render/entry-base.js [Server Component]

https://nextjs.org/docs/messages/module-not-found


â¨¯ ./node_modules/next/dist/client/components/navigation.js:85:35
Module not found: Can't resolve '@swc/helpers/_/_interop_require_wildcard'
Import map: aliased to module '@swc/helpers' with subpath '/_/_interop_require_wildcard' inside of [project]/node_modules/next


Import trace:
  Client Component Browser:
    ./node_modules/next/dist/client/components/navigation.js
    ./node_modules/next/dist/client/components/redirect-boundary.js
    ./node_modules/next/dist/client/components/app-router.js
    ./node_modules/next/dist/client/app-index.js
    ./node_modules/next/dist/client/app-next-turbopack.js

https://nextjs.org/docs/messages/module-not-found


â¨¯ ./node_modules/next/dist/client/components/redirect-boundary.js:24:35
Module not found: Can't resolve '@swc/helpers/_/_interop_require_wildcard'
Import map: aliased to module '@swc/helpers' with subpath '/_/_interop_require_wildcard' inside of [project]/node_modules/next


Import trace:
  Client Component Browser:
    ./node_modules/next/dist/client/components/redirect-boundary.js
    ./node_modules/next/dist/client/components/app-router.js
    ./node_modules/next/dist/client/app-index.js
    ./node_modules/next/dist/client/app-next-turbopack.js

https://nextjs.org/docs/messages/module-not-found


â¨¯ ./node_modules/next/dist/client/components/render-from-template-context.js:12:35
Module not found: Can't resolve '@swc/helpers/_/_interop_require_wildcard'
Import map: aliased to module '@swc/helpers' with subpath '/_/_interop_require_wildcard' inside of [project]/node_modules/next


Import trace:
  Client Component Browser:
    ./node_modules/next/dist/client/components/render-from-template-context.js [Client Component Browser]
    ./node_modules/next/dist/esm/client/components/render-from-template-context.js [Server Component]
    ./node_modules/next/dist/esm/server/app-render/entry-base.js [Server Component]

https://nextjs.org/docs/messages/module-not-found


â¨¯ ./node_modules/next/dist/client/components/use-action-queue.js:23:35
Module not found: Can't resolve '@swc/helpers/_/_interop_require_wildcard'
Import map: aliased to module '@swc/helpers' with subpath '/_/_interop_require_wildcard' inside of [project]/node_modules/next


Import trace:
  Client Component Browser:
    ./node_modules/next/dist/client/components/use-action-queue.js
    ./node_modules/next/dist/client/components/app-router-instance.js
    ./node_modules/next/dist/client/app-index.js
    ./node_modules/next/dist/client/app-next-turbopack.js

https://nextjs.org/docs/messages/module-not-found


â¨¯ ./node_modules/next/dist/shared/lib/server-inserted-html.shared-runtime.js:24:35
Module not found: Can't resolve '@swc/helpers/_/_interop_require_wildcard'
Import map: aliased to module '@swc/helpers' with subpath '/_/_interop_require_wildcard' inside of [project]/node_modules/next


Import trace:
  Client Component Browser:
    ./node_modules/next/dist/shared/lib/server-inserted-html.shared-runtime.js
    ./node_modules/next/dist/client/components/navigation.js
    ./node_modules/next/dist/client/components/redirect-boundary.js
    ./node_modules/next/dist/client/components/app-router.js
    ./node_modules/next/dist/client/app-index.js
    ./node_modules/next/dist/client/app-next-turbopack.js

https://nextjs.org/docs/messages/module-not-found


â¨¯ ./node_modules/next/dist/client/app-index.js:11:34
Module not found: Can't resolve '@swc/helpers/_/_interop_require_default'
Import map: aliased to module '@swc/helpers' with subpath '/_/_interop_require_default' inside of [project]/node_modules/next


Import trace:
  Client Component Browser:
    ./node_modules/next/dist/client/app-index.js
    ./node_modules/next/dist/client/app-next-turbopack.js

https://nextjs.org/docs/messages/module-not-found


â¨¯ ./node_modules/next/dist/client/components/app-router.js:11:34
Module not found: Can't resolve '@swc/helpers/_/_interop_require_default'
Import map: aliased to module '@swc/helpers' with subpath '/_/_interop_require_default' inside of [project]/node_modules/next


Import trace:
  Client Component Browser:
    ./node_modules/next/dist/client/components/app-router.js
    ./node_modules/next/dist/client/app-index.js
    ./node_modules/next/dist/client/app-next-turbopack.js

https://nextjs.org/docs/messages/module-not-found


â¨¯ ./node_modules/next/dist/client/components/dev-root-http-access-fallback-boundary.js:24:34
Module not found: Can't resolve '@swc/helpers/_/_interop_require_default'
Import map: aliased to module '@swc/helpers' with subpath '/_/_interop_require_default' inside of [project]/node_modules/next


Import trace:
  Client Component Browser:
    ./node_modules/next/dist/client/components/dev-root-http-access-fallback-boundary.js
    ./node_modules/next/dist/client/components/app-router.js
    ./node_modules/next/dist/client/app-index.js
    ./node_modules/next/dist/client/app-next-turbopack.js

https://nextjs.org/docs/messages/module-not-found


â¨¯ ./node_modules/next/dist/client/components/error-boundary.js:24:34
Module not found: Can't resolve '@swc/helpers/_/_interop_require_default'
Import map: aliased to module '@swc/helpers' with subpath '/_/_interop_require_default' inside of [project]/node_modules/next


Import trace:
  Client Component Browser:
    ./node_modules/next/dist/client/components/error-boundary.js
    ./node_modules/next/dist/client/react-client-callbacks/error-boundary-callbacks.js
    ./node_modules/next/dist/client/app-index.js
    ./node_modules/next/dist/client/app-next-turbopack.js

https://nextjs.org/docs/messages/module-not-found


â¨¯ ./node_modules/next/dist/client/components/errors/root-error-boundary.js:12:34
Module not found: Can't resolve '@swc/helpers/_/_interop_require_default'
Import map: aliased to module '@swc/helpers' with subpath '/_/_interop_require_default' inside of [project]/node_modules/next


Import trace:
  Client Component Browser:
    ./node_modules/next/dist/client/components/errors/root-error-boundary.js
    ./node_modules/next/dist/client/components/app-router.js
    ./node_modules/next/dist/client/app-index.js
    ./node_modules/next/dist/client/app-next-turbopack.js

https://nextjs.org/docs/messages/module-not-found


â¨¯ ./node_modules/next/dist/client/components/layout-router.js:15:34
Module not found: Can't resolve '@swc/helpers/_/_interop_require_default'
Import map: aliased to module '@swc/helpers' with subpath '/_/_interop_require_default' inside of [project]/node_modules/next


Import trace:
  Client Component Browser:
    ./node_modules/next/dist/client/components/layout-router.js [Client Component Browser]
    ./node_modules/next/dist/esm/client/components/layout-router.js [Server Component]
    ./node_modules/next/dist/esm/server/app-render/entry-base.js [Server Component]

https://nextjs.org/docs/messages/module-not-found


â¨¯ ./node_modules/next/dist/client/dev/hot-reloader/app/hot-reloader-app.js:32:34
Module not found: Can't resolve '@swc/helpers/_/_interop_require_default'
Import map: aliased to module '@swc/helpers' with subpath '/_/_interop_require_default' inside of [project]/node_modules/next


Import trace:
  Client Component Browser:
    ./node_modules/next/dist/client/dev/hot-reloader/app/hot-reloader-app.js
    ./node_modules/next/dist/client/dev/hot-reloader/app/web-socket.js
    ./node_modules/next/dist/client/app-index.js
    ./node_modules/next/dist/client/app-next-turbopack.js

https://nextjs.org/docs/messages/module-not-found


â¨¯ ./node_modules/next/dist/client/lib/console.js:23:34
Module not found: Can't resolve '@swc/helpers/_/_interop_require_default'
Import map: aliased to module '@swc/helpers' with subpath '/_/_interop_require_default' inside of [project]/node_modules/next


Import trace:
  Client Component Browser:
    ./node_modules/next/dist/client/lib/console.js
    ./node_modules/next/dist/next-devtools/userspace/app/errors/use-error-handler.js
    ./node_modules/next/dist/client/dev/hot-reloader/app/hot-reloader-app.js
    ./node_modules/next/dist/client/components/app-router.js
    ./node_modules/next/dist/client/app-index.js
    ./node_modules/next/dist/client/app-next-turbopack.js

https://nextjs.org/docs/messages/module-not-found


â¨¯ ./node_modules/next/dist/client/react-client-callbacks/error-boundary-callbacks.js:24:34
Module not found: Can't resolve '@swc/helpers/_/_interop_require_default'
Import map: aliased to module '@swc/helpers' with subpath '/_/_interop_require_default' inside of [project]/node_modules/next


Import trace:
  Client Component Browser:
    ./node_modules/next/dist/client/react-client-callbacks/error-boundary-callbacks.js
    ./node_modules/next/dist/client/app-index.js
    ./node_modules/next/dist/client/app-next-turbopack.js

https://nextjs.org/docs/messages/module-not-found


â¨¯ ./node_modules/next/dist/client/react-client-callbacks/on-recoverable-error.js:24:34
Module not found: Can't resolve '@swc/helpers/_/_interop_require_default'
Import map: aliased to module '@swc/helpers' with subpath '/_/_interop_require_default' inside of [project]/node_modules/next


Import trace:
  Client Component Browser:
    ./node_modules/next/dist/client/react-client-callbacks/on-recoverable-error.js
    ./node_modules/next/dist/client/app-next-turbopack.js

https://nextjs.org/docs/messages/module-not-found


â¨¯ ./node_modules/next/dist/next-devtools/userspace/app/app-dev-overlay-error-boundary.js:11:34
Module not found: Can't resolve '@swc/helpers/_/_interop_require_default'
Import map: aliased to module '@swc/helpers' with subpath '/_/_interop_require_default' inside of [project]/node_modules/next


Import trace:
  Client Component Browser:
    ./node_modules/next/dist/next-devtools/userspace/app/app-dev-overlay-error-boundary.js
    ./node_modules/next/dist/next-devtools/userspace/app/client-entry.js
    ./node_modules/next/dist/client/app-index.js
    ./node_modules/next/dist/client/app-next-turbopack.js

https://nextjs.org/docs/messages/module-not-found


â¨¯ ./node_modules/next/dist/next-devtools/userspace/app/client-entry.js:11:34
Module not found: Can't resolve '@swc/helpers/_/_interop_require_default'
Import map: aliased to module '@swc/helpers' with subpath '/_/_interop_require_default' inside of [project]/node_modules/next


Import trace:
  Client Component Browser:
    ./node_modules/next/dist/next-devtools/userspace/app/client-entry.js
    ./node_modules/next/dist/client/app-index.js
    ./node_modules/next/dist/client/app-next-turbopack.js

https://nextjs.org/docs/messages/module-not-found


â¨¯ ./node_modules/next/dist/next-devtools/userspace/app/errors/intercept-console-error.js:23:34
Module not found: Can't resolve '@swc/helpers/_/_interop_require_default'
Import map: aliased to module '@swc/helpers' with subpath '/_/_interop_require_default' inside of [project]/node_modules/next


Import trace:
  Client Component Browser:
    ./node_modules/next/dist/next-devtools/userspace/app/errors/intercept-console-error.js
    ./node_modules/next/dist/next-devtools/userspace/app/errors/index.js
    ./node_modules/next/dist/client/react-client-callbacks/error-boundary-callbacks.js
    ./node_modules/next/dist/client/app-index.js
    ./node_modules/next/dist/client/app-next-turbopack.js

https://nextjs.org/docs/messages/module-not-found


â¨¯ ./node_modules/next/dist/next-devtools/userspace/app/errors/stitched-error.js:35:34
Module not found: Can't resolve '@swc/helpers/_/_interop_require_default'
Import map: aliased to module '@swc/helpers' with subpath '/_/_interop_require_default' inside of [project]/node_modules/next


Import trace:
  Client Component Browser:
    ./node_modules/next/dist/next-devtools/userspace/app/errors/stitched-error.js
    ./node_modules/next/dist/client/app-next-turbopack.js

https://nextjs.org/docs/messages/module-not-found


â¨¯ ./node_modules/next/dist/next-devtools/userspace/app/errors/use-error-handler.js:31:34
Module not found: Can't resolve '@swc/helpers/_/_interop_require_default'
Import map: aliased to module '@swc/helpers' with subpath '/_/_interop_require_default' inside of [project]/node_modules/next


Import trace:
  Client Component Browser:
    ./node_modules/next/dist/next-devtools/userspace/app/errors/use-error-handler.js
    ./node_modules/next/dist/client/dev/hot-reloader/app/hot-reloader-app.js
    ./node_modules/next/dist/client/components/app-router.js
    ./node_modules/next/dist/client/app-index.js
    ./node_modules/next/dist/client/app-next-turbopack.js

https://nextjs.org/docs/messages/module-not-found


â¨¯ ./node_modules/next/dist/shared/lib/app-router-context.shared-runtime.js:36:34
Module not found: Can't resolve '@swc/helpers/_/_interop_require_default'
Import map: aliased to module '@swc/helpers' with subpath '/_/_interop_require_default' inside of [project]/node_modules/next


Import traces:
  #1 [Client Component Browser]:
    ./node_modules/next/dist/shared/lib/app-router-context.shared-runtime.js
    ./node_modules/next/dist/client/app-index.js
    ./node_modules/next/dist/client/app-next-turbopack.js

  #2 [Client Component Browser]:
    ./node_modules/next/dist/shared/lib/app-router-context.shared-runtime.js [Client Component Browser]
    ./node_modules/next/dist/client/app-dir/link.js [Client Component Browser]
    ./src/components/Header.tsx [Client Component Browser]
    ./src/components/Header.tsx [Server Component]
    ./src/app/page.tsx [Server Component]

https://nextjs.org/docs/messages/module-not-found


â¨¯ ./node_modules/next/dist/shared/lib/format-webpack-messages.js:33:34
Module not found: Can't resolve '@swc/helpers/_/_interop_require_default'
Import map: aliased to module '@swc/helpers' with subpath '/_/_interop_require_default' inside of [project]/node_modules/next


Import trace:
  Client Component Browser:
    ./node_modules/next/dist/shared/lib/format-webpack-messages.js
    ./node_modules/next/dist/client/dev/hot-reloader/app/hot-reloader-app.js
    ./node_modules/next/dist/client/dev/hot-reloader/app/web-socket.js
    ./node_modules/next/dist/client/app-index.js
    ./node_modules/next/dist/client/app-next-turbopack.js

https://nextjs.org/docs/messages/module-not-found


â¨¯ ./node_modules/next/dist/shared/lib/head-manager-context.shared-runtime.js:11:34
Module not found: Can't resolve '@swc/helpers/_/_interop_require_default'
Import map: aliased to module '@swc/helpers' with subpath '/_/_interop_require_default' inside of [project]/node_modules/next


Import trace:
  Client Component Browser:
    ./node_modules/next/dist/shared/lib/head-manager-context.shared-runtime.js
    ./node_modules/next/dist/client/app-index.js
    ./node_modules/next/dist/client/app-next-turbopack.js

https://nextjs.org/docs/messages/module-not-found


â¨¯ ./node_modules/next/dist/client/app-dir/link.js:33:35
Module not found: Can't resolve '@swc/helpers/_/_interop_require_wildcard'
Import map: aliased to module '@swc/helpers' with subpath '/_/_interop_require_wildcard' inside of [project]/node_modules/next


Import traces:
  Client Component Browser:
    ./node_modules/next/dist/client/app-dir/link.js [Client Component Browser]
    ./src/components/Header.tsx [Client Component Browser]
    ./src/components/Header.tsx [Server Component]
    ./src/app/page.tsx [Server Component]

  Client Component SSR:
    ./node_modules/next/dist/client/app-dir/link.js [Client Component SSR]
    ./src/components/Header.tsx [Client Component SSR]
    ./src/components/Header.tsx [Server Component]
    ./src/app/page.tsx [Server Component]

  Server Component:
    ./node_modules/next/dist/client/app-dir/link.js
    ./node_modules/next/dist/client/app-dir/link.react-server.js
    ./src/components/Footer.tsx
    ./src/app/page.tsx

https://nextjs.org/docs/messages/module-not-found


â¨¯ ./node_modules/next/dist/client/app-dir/link.js:33:35
Module not found: Can't resolve '@swc/helpers/_/_interop_require_wildcard'
Import map: aliased to module '@swc/helpers' with subpath '/_/_interop_require_wildcard' inside of [project]/node_modules/next


Import traces:
  Client Component Browser:
    ./node_modules/next/dist/client/app-dir/link.js [Client Component Browser]
    ./src/components/Header.tsx [Client Component Browser]
    ./src/components/Header.tsx [Server Component]
    ./src/app/page.tsx [Server Component]

  Client Component SSR:
    ./node_modules/next/dist/client/app-dir/link.js [Client Component SSR]
    ./src/components/Header.tsx [Client Component SSR]
    ./src/components/Header.tsx [Server Component]
    ./src/app/page.tsx [Server Component]

  Server Component:
    ./node_modules/next/dist/client/app-dir/link.js
    ./node_modules/next/dist/client/app-dir/link.react-server.js
    ./src/components/Footer.tsx
    ./src/app/page.tsx

https://nextjs.org/docs/messages/module-not-found


â¨¯ ./node_modules/next/dist/client/app-dir/link.react-server.js:23:35
Module not found: Can't resolve '@swc/helpers/_/_interop_require_wildcard'
Import map: aliased to module '@swc/helpers' with subpath '/_/_interop_require_wildcard' inside of [project]/node_modules/next


Import trace:
  Server Component:
    ./node_modules/next/dist/client/app-dir/link.react-server.js
    ./src/components/Footer.tsx
    ./src/app/page.tsx

https://nextjs.org/docs/messages/module-not-found


â¨¯ ./node_modules/next/dist/client/components/app-router.js:12:35
Module not found: Can't resolve '@swc/helpers/_/_interop_require_wildcard'
Import map: aliased to module '@swc/helpers' with subpath '/_/_interop_require_wildcard' inside of [project]/node_modules/next


Import trace:
  Client Component Browser:
    ./node_modules/next/dist/client/components/app-router.js
    ./node_modules/next/dist/client/app-index.js
    ./node_modules/next/dist/client/app-next-turbopack.js

https://nextjs.org/docs/messages/module-not-found


â¨¯ ./node_modules/next/dist/client/components/http-access-fallback/error-boundary.js:12:35
Module not found: Can't resolve '@swc/helpers/_/_interop_require_wildcard'
Import map: aliased to module '@swc/helpers' with subpath '/_/_interop_require_wildcard' inside of [project]/node_modules/next


Import trace:
  Client Component Browser:
    ./node_modules/next/dist/client/components/http-access-fallback/error-boundary.js
    ./node_modules/next/dist/client/components/dev-root-http-access-fallback-boundary.js
    ./node_modules/next/dist/client/components/app-router.js
    ./node_modules/next/dist/client/app-index.js
    ./node_modules/next/dist/client/app-next-turbopack.js

https://nextjs.org/docs/messages/module-not-found


â¨¯ ./node_modules/next/dist/client/components/layout-router.js:16:35
Module not found: Can't resolve '@swc/helpers/_/_interop_require_wildcard'
Import map: aliased to module '@swc/helpers' with subpath '/_/_interop_require_wildcard' inside of [project]/node_modules/next


Import trace:
  Client Component Browser:
    ./node_modules/next/dist/client/components/layout-router.js [Client Component Browser]
    ./node_modules/next/dist/esm/client/components/layout-router.js [Server Component]
    ./node_modules/next/dist/esm/server/app-render/entry-base.js [Server Component]

https://nextjs.org/docs/messages/module-not-found


â¨¯ ./node_modules/next/dist/client/components/navigation.js:85:35
Module not found: Can't resolve '@swc/helpers/_/_interop_require_wildcard'
Import map: aliased to module '@swc/helpers' with subpath '/_/_interop_require_wildcard' inside of [project]/node_modules/next


Import trace:
  Client Component Browser:
    ./node_modules/next/dist/client/components/navigation.js
    ./node_modules/next/dist/client/components/redirect-boundary.js
    ./node_modules/next/dist/client/components/app-router.js
    ./node_modules/next/dist/client/app-index.js
    ./node_modules/next/dist/client/app-next-turbopack.js

https://nextjs.org/docs/messages/module-not-found


â¨¯ ./node_modules/next/dist/client/components/redirect-boundary.js:24:35
Module not found: Can't resolve '@swc/helpers/_/_interop_require_wildcard'
Import map: aliased to module '@swc/helpers' with subpath '/_/_interop_require_wildcard' inside of [project]/node_modules/next


Import trace:
  Client Component Browser:
    ./node_modules/next/dist/client/components/redirect-boundary.js
    ./node_modules/next/dist/client/components/app-router.js
    ./node_modules/next/dist/client/app-index.js
    ./node_modules/next/dist/client/app-next-turbopack.js

https://nextjs.org/docs/messages/module-not-found


â¨¯ ./node_modules/next/dist/client/components/render-from-template-context.js:12:35
Module not found: Can't resolve '@swc/helpers/_/_interop_require_wildcard'
Import map: aliased to module '@swc/helpers' with subpath '/_/_interop_require_wildcard' inside of [project]/node_modules/next


Import trace:
  Client Component Browser:
    ./node_modules/next/dist/client/components/render-from-template-context.js [Client Component Browser]
    ./node_modules/next/dist/esm/client/components/render-from-template-context.js [Server Component]
    ./node_modules/next/dist/esm/server/app-render/entry-base.js [Server Component]

https://nextjs.org/docs/messages/module-not-found


â¨¯ ./node_modules/next/dist/client/components/use-action-queue.js:23:35
Module not found: Can't resolve '@swc/helpers/_/_interop_require_wildcard'
Import map: aliased to module '@swc/helpers' with subpath '/_/_interop_require_wildcard' inside of [project]/node_modules/next


Import traces:
  Client Component Browser:
    ./node_modules/next/dist/client/components/use-action-queue.js
    ./node_modules/next/dist/client/components/app-router-instance.js
    ./node_modules/next/dist/client/app-index.js
    ./node_modules/next/dist/client/app-next-turbopack.js

  Client Component SSR:
    ./node_modules/next/dist/client/components/use-action-queue.js [Client Component SSR]
    ./node_modules/next/dist/client/components/router-reducer/ppr-navigations.js [Client Component SSR]
    ./node_modules/next/dist/client/components/router-reducer/reducers/navigate-reducer.js [Client Component SSR]
    ./node_modules/next/dist/client/components/segment-cache/cache.js [Client Component SSR]
    ./node_modules/next/dist/client/components/segment-cache/scheduler.js [Client Component SSR]
    ./node_modules/next/dist/client/components/links.js [Client Component SSR]
    ./node_modules/next/dist/client/app-dir/link.js [Client Component SSR]
    ./src/components/Header.tsx [Client Component SSR]
    ./src/components/Header.tsx [Server Component]
    ./src/app/page.tsx [Server Component]

https://nextjs.org/docs/messages/module-not-found


â¨¯ ./node_modules/next/dist/client/components/use-action-queue.js:23:35
Module not found: Can't resolve '@swc/helpers/_/_interop_require_wildcard'
Import map: aliased to module '@swc/helpers' with subpath '/_/_interop_require_wildcard' inside of [project]/node_modules/next


Import traces:
  Client Component Browser:
    ./node_modules/next/dist/client/components/use-action-queue.js
    ./node_modules/next/dist/client/components/app-router-instance.js
    ./node_modules/next/dist/client/app-index.js
    ./node_modules/next/dist/client/app-next-turbopack.js

  Client Component SSR:
    ./node_modules/next/dist/client/components/use-action-queue.js [Client Component SSR]
    ./node_modules/next/dist/client/components/router-reducer/ppr-navigations.js [Client Component SSR]
    ./node_modules/next/dist/client/components/router-reducer/reducers/navigate-reducer.js [Client Component SSR]
    ./node_modules/next/dist/client/components/segment-cache/cache.js [Client Component SSR]
    ./node_modules/next/dist/client/components/segment-cache/scheduler.js [Client Component SSR]
    ./node_modules/next/dist/client/components/links.js [Client Component SSR]
    ./node_modules/next/dist/client/app-dir/link.js [Client Component SSR]
    ./src/components/Header.tsx [Client Component SSR]
    ./src/components/Header.tsx [Server Component]
    ./src/app/page.tsx [Server Component]

https://nextjs.org/docs/messages/module-not-found


â¨¯ ./node_modules/next/dist/shared/lib/router/utils/format-url.js:48:35
Module not found: Can't resolve '@swc/helpers/_/_interop_require_wildcard'
Import map: aliased to module '@swc/helpers' with subpath '/_/_interop_require_wildcard' inside of [project]/node_modules/next


Import traces:
  Client Component Browser:
    ./node_modules/next/dist/shared/lib/router/utils/format-url.js [Client Component Browser]
    ./node_modules/next/dist/client/app-dir/link.js [Client Component Browser]
    ./src/components/Header.tsx [Client Component Browser]
    ./src/components/Header.tsx [Server Component]
    ./src/app/page.tsx [Server Component]

  Client Component SSR:
    ./node_modules/next/dist/shared/lib/router/utils/format-url.js [Client Component SSR]
    ./node_modules/next/dist/client/app-dir/link.js [Client Component SSR]
    ./src/components/Header.tsx [Client Component SSR]
    ./src/components/Header.tsx [Server Component]
    ./src/app/page.tsx [Server Component]

https://nextjs.org/docs/messages/module-not-found


â¨¯ ./node_modules/next/dist/shared/lib/router/utils/format-url.js:48:35
Module not found: Can't resolve '@swc/helpers/_/_interop_require_wildcard'
Import map: aliased to module '@swc/helpers' with subpath '/_/_interop_require_wildcard' inside of [project]/node_modules/next


Import traces:
  Client Component Browser:
    ./node_modules/next/dist/shared/lib/router/utils/format-url.js [Client Component Browser]
    ./node_modules/next/dist/client/app-dir/link.js [Client Component Browser]
    ./src/components/Header.tsx [Client Component Browser]
    ./src/components/Header.tsx [Server Component]
    ./src/app/page.tsx [Server Component]

  Client Component SSR:
    ./node_modules/next/dist/shared/lib/router/utils/format-url.js [Client Component SSR]
    ./node_modules/next/dist/client/app-dir/link.js [Client Component SSR]
    ./src/components/Header.tsx [Client Component SSR]
    ./src/components/Header.tsx [Server Component]
    ./src/app/page.tsx [Server Component]

https://nextjs.org/docs/messages/module-not-found


â¨¯ ./node_modules/next/dist/shared/lib/server-inserted-html.shared-runtime.js:24:35
Module not found: Can't resolve '@swc/helpers/_/_interop_require_wildcard'
Import map: aliased to module '@swc/helpers' with subpath '/_/_interop_require_wildcard' inside of [project]/node_modules/next


Import trace:
  Client Component Browser:
    ./node_modules/next/dist/shared/lib/server-inserted-html.shared-runtime.js
    ./node_modules/next/dist/client/components/navigation.js
    ./node_modules/next/dist/client/components/redirect-boundary.js
    ./node_modules/next/dist/client/components/app-router.js
    ./node_modules/next/dist/client/app-index.js
    ./node_modules/next/dist/client/app-next-turbopack.js

https://nextjs.org/docs/messages/module-not-found


â¨¯ ./node_modules/next/dist/client/app-index.js:11:34
Module not found: Can't resolve '@swc/helpers/_/_interop_require_default'
Import map: aliased to module '@swc/helpers' with subpath '/_/_interop_require_default' inside of [project]/node_modules/next


Import trace:
  Client Component Browser:
    ./node_modules/next/dist/client/app-index.js
    ./node_modules/next/dist/client/app-next-turbopack.js

https://nextjs.org/docs/messages/module-not-found


â¨¯ ./node_modules/next/dist/client/components/app-router.js:11:34
Module not found: Can't resolve '@swc/helpers/_/_interop_require_default'
Import map: aliased to module '@swc/helpers' with subpath '/_/_interop_require_default' inside of [project]/node_modules/next


Import trace:
  Client Component Browser:
    ./node_modules/next/dist/client/components/app-router.js
    ./node_modules/next/dist/client/app-index.js
    ./node_modules/next/dist/client/app-next-turbopack.js

https://nextjs.org/docs/messages/module-not-found


â¨¯ ./node_modules/next/dist/client/components/dev-root-http-access-fallback-boundary.js:24:34
Module not found: Can't resolve '@swc/helpers/_/_interop_require_default'
Import map: aliased to module '@swc/helpers' with subpath '/_/_interop_require_default' inside of [project]/node_modules/next


Import trace:
  Client Component Browser:
    ./node_modules/next/dist/client/components/dev-root-http-access-fallback-boundary.js
    ./node_modules/next/dist/client/components/app-router.js
    ./node_modules/next/dist/client/app-index.js
    ./node_modules/next/dist/client/app-next-turbopack.js

https://nextjs.org/docs/messages/module-not-found


â¨¯ ./node_modules/next/dist/client/components/error-boundary.js:24:34
Module not found: Can't resolve '@swc/helpers/_/_interop_require_default'
Import map: aliased to module '@swc/helpers' with subpath '/_/_interop_require_default' inside of [project]/node_modules/next


Import trace:
  Client Component Browser:
    ./node_modules/next/dist/client/components/error-boundary.js
    ./node_modules/next/dist/client/react-client-callbacks/error-boundary-callbacks.js
    ./node_modules/next/dist/client/app-index.js
    ./node_modules/next/dist/client/app-next-turbopack.js

https://nextjs.org/docs/messages/module-not-found


â¨¯ ./node_modules/next/dist/client/components/errors/root-error-boundary.js:12:34
Module not found: Can't resolve '@swc/helpers/_/_interop_require_default'
Import map: aliased to module '@swc/helpers' with subpath '/_/_interop_require_default' inside of [project]/node_modules/next


Import trace:
  Client Component Browser:
    ./node_modules/next/dist/client/components/errors/root-error-boundary.js
    ./node_modules/next/dist/client/components/app-router.js
    ./node_modules/next/dist/client/app-index.js
    ./node_modules/next/dist/client/app-next-turbopack.js

https://nextjs.org/docs/messages/module-not-found


â¨¯ ./node_modules/next/dist/client/components/layout-router.js:15:34
Module not found: Can't resolve '@swc/helpers/_/_interop_require_default'
Import map: aliased to module '@swc/helpers' with subpath '/_/_interop_require_default' inside of [project]/node_modules/next


Import trace:
  Client Component Browser:
    ./node_modules/next/dist/client/components/layout-router.js [Client Component Browser]
    ./node_modules/next/dist/esm/client/components/layout-router.js [Server Component]
    ./node_modules/next/dist/esm/server/app-render/entry-base.js [Server Component]

https://nextjs.org/docs/messages/module-not-found


â¨¯ ./node_modules/next/dist/client/dev/hot-reloader/app/hot-reloader-app.js:32:34
Module not found: Can't resolve '@swc/helpers/_/_interop_require_default'
Import map: aliased to module '@swc/helpers' with subpath '/_/_interop_require_default' inside of [project]/node_modules/next


Import trace:
  Client Component Browser:
    ./node_modules/next/dist/client/dev/hot-reloader/app/hot-reloader-app.js
    ./node_modules/next/dist/client/dev/hot-reloader/app/web-socket.js
    ./node_modules/next/dist/client/app-index.js
    ./node_modules/next/dist/client/app-next-turbopack.js

https://nextjs.org/docs/messages/module-not-found


â¨¯ ./node_modules/next/dist/client/lib/console.js:23:34
Module not found: Can't resolve '@swc/helpers/_/_interop_require_default'
Import map: aliased to module '@swc/helpers' with subpath '/_/_interop_require_default' inside of [project]/node_modules/next


Import trace:
  Client Component Browser:
    ./node_modules/next/dist/client/lib/console.js
    ./node_modules/next/dist/next-devtools/userspace/app/errors/use-error-handler.js
    ./node_modules/next/dist/client/dev/hot-reloader/app/hot-reloader-app.js
    ./node_modules/next/dist/client/components/app-router.js
    ./node_modules/next/dist/client/app-index.js
    ./node_modules/next/dist/client/app-next-turbopack.js

https://nextjs.org/docs/messages/module-not-found


â¨¯ ./node_modules/next/dist/client/react-client-callbacks/error-boundary-callbacks.js:24:34
Module not found: Can't resolve '@swc/helpers/_/_interop_require_default'
Import map: aliased to module '@swc/helpers' with subpath '/_/_interop_require_default' inside of [project]/node_modules/next


Import trace:
  Client Component Browser:
    ./node_modules/next/dist/client/react-client-callbacks/error-boundary-callbacks.js
    ./node_modules/next/dist/client/app-index.js
    ./node_modules/next/dist/client/app-next-turbopack.js

https://nextjs.org/docs/messages/module-not-found


â¨¯ ./node_modules/next/dist/client/react-client-callbacks/on-recoverable-error.js:24:34
Module not found: Can't resolve '@swc/helpers/_/_interop_require_default'
Import map: aliased to module '@swc/helpers' with subpath '/_/_interop_require_default' inside of [project]/node_modules/next


Import trace:
  Client Component Browser:
    ./node_modules/next/dist/client/react-client-callbacks/on-recoverable-error.js
    ./node_modules/next/dist/client/app-next-turbopack.js

https://nextjs.org/docs/messages/module-not-found


â¨¯ ./node_modules/next/dist/next-devtools/userspace/app/app-dev-overlay-error-boundary.js:11:34
Module not found: Can't resolve '@swc/helpers/_/_interop_require_default'
Import map: aliased to module '@swc/helpers' with subpath '/_/_interop_require_default' inside of [project]/node_modules/next


Import trace:
  Client Component Browser:
    ./node_modules/next/dist/next-devtools/userspace/app/app-dev-overlay-error-boundary.js
    ./node_modules/next/dist/next-devtools/userspace/app/client-entry.js
    ./node_modules/next/dist/client/app-index.js
    ./node_modules/next/dist/client/app-next-turbopack.js

https://nextjs.org/docs/messages/module-not-found


â¨¯ ./node_modules/next/dist/next-devtools/userspace/app/client-entry.js:11:34
Module not found: Can't resolve '@swc/helpers/_/_interop_require_default'
Import map: aliased to module '@swc/helpers' with subpath '/_/_interop_require_default' inside of [project]/node_modules/next


Import trace:
  Client Component Browser:
    ./node_modules/next/dist/next-devtools/userspace/app/client-entry.js
    ./node_modules/next/dist/client/app-index.js
    ./node_modules/next/dist/client/app-next-turbopack.js

https://nextjs.org/docs/messages/module-not-found


â¨¯ ./node_modules/next/dist/next-devtools/userspace/app/errors/intercept-console-error.js:23:34
Module not found: Can't resolve '@swc/helpers/_/_interop_require_default'
Import map: aliased to module '@swc/helpers' with subpath '/_/_interop_require_default' inside of [project]/node_modules/next


Import trace:
  Client Component Browser:
    ./node_modules/next/dist/next-devtools/userspace/app/errors/intercept-console-error.js
    ./node_modules/next/dist/next-devtools/userspace/app/errors/index.js
    ./node_modules/next/dist/client/react-client-callbacks/error-boundary-callbacks.js
    ./node_modules/next/dist/client/app-index.js
    ./node_modules/next/dist/client/app-next-turbopack.js

https://nextjs.org/docs/messages/module-not-found


â¨¯ ./node_modules/next/dist/next-devtools/userspace/app/errors/stitched-error.js:35:34
Module not found: Can't resolve '@swc/helpers/_/_interop_require_default'
Import map: aliased to module '@swc/helpers' with subpath '/_/_interop_require_default' inside of [project]/node_modules/next


Import trace:
  Client Component Browser:
    ./node_modules/next/dist/next-devtools/userspace/app/errors/stitched-error.js
    ./node_modules/next/dist/client/app-next-turbopack.js

https://nextjs.org/docs/messages/module-not-found


â¨¯ ./node_modules/next/dist/next-devtools/userspace/app/errors/use-error-handler.js:31:34
Module not found: Can't resolve '@swc/helpers/_/_interop_require_default'
Import map: aliased to module '@swc/helpers' with subpath '/_/_interop_require_default' inside of [project]/node_modules/next


Import trace:
  Client Component Browser:
    ./node_modules/next/dist/next-devtools/userspace/app/errors/use-error-handler.js
    ./node_modules/next/dist/client/dev/hot-reloader/app/hot-reloader-app.js
    ./node_modules/next/dist/client/components/app-router.js
    ./node_modules/next/dist/client/app-index.js
    ./node_modules/next/dist/client/app-next-turbopack.js

https://nextjs.org/docs/messages/module-not-found


â¨¯ ./node_modules/next/dist/shared/lib/app-router-context.shared-runtime.js:36:34
Module not found: Can't resolve '@swc/helpers/_/_interop_require_default'
Import map: aliased to module '@swc/helpers' with subpath '/_/_interop_require_default' inside of [project]/node_modules/next


Import traces:
  #1 [Client Component Browser]:
    ./node_modules/next/dist/shared/lib/app-router-context.shared-runtime.js
    ./node_modules/next/dist/client/app-index.js
    ./node_modules/next/dist/client/app-next-turbopack.js

  #2 [Client Component Browser]:
    ./node_modules/next/dist/shared/lib/app-router-context.shared-runtime.js [Client Component Browser]
    ./node_modules/next/dist/client/app-dir/link.js [Client Component Browser]
    ./src/components/Header.tsx [Client Component Browser]
    ./src/components/Header.tsx [Server Component]
    ./src/app/page.tsx [Server Component]

https://nextjs.org/docs/messages/module-not-found


â¨¯ ./node_modules/next/dist/shared/lib/format-webpack-messages.js:33:34
Module not found: Can't resolve '@swc/helpers/_/_interop_require_default'
Import map: aliased to module '@swc/helpers' with subpath '/_/_interop_require_default' inside of [project]/node_modules/next


Import trace:
  Client Component Browser:
    ./node_modules/next/dist/shared/lib/format-webpack-messages.js
    ./node_modules/next/dist/client/dev/hot-reloader/app/hot-reloader-app.js
    ./node_modules/next/dist/client/dev/hot-reloader/app/web-socket.js
    ./node_modules/next/dist/client/app-index.js
    ./node_modules/next/dist/client/app-next-turbopack.js

https://nextjs.org/docs/messages/module-not-found


â¨¯ ./node_modules/next/dist/shared/lib/head-manager-context.shared-runtime.js:11:34
Module not found: Can't resolve '@swc/helpers/_/_interop_require_default'
Import map: aliased to module '@swc/helpers' with subpath '/_/_interop_require_default' inside of [project]/node_modules/next


Import trace:
  Client Component Browser:
    ./node_modules/next/dist/shared/lib/head-manager-context.shared-runtime.js
    ./node_modules/next/dist/client/app-index.js
    ./node_modules/next/dist/client/app-next-turbopack.js

https://nextjs.org/docs/messages/module-not-found


â¨¯ ./node_modules/next/dist/client/app-dir/link.js:33:35
Module not found: Can't resolve '@swc/helpers/_/_interop_require_wildcard'
Import map: aliased to module '@swc/helpers' with subpath '/_/_interop_require_wildcard' inside of [project]/node_modules/next


Import traces:
  Client Component Browser:
    ./node_modules/next/dist/client/app-dir/link.js [Client Component Browser]
    ./src/components/Header.tsx [Client Component Browser]
    ./src/components/Header.tsx [Server Component]
    ./src/app/page.tsx [Server Component]

  Client Component SSR:
    ./node_modules/next/dist/client/app-dir/link.js [Client Component SSR]
    ./src/components/Header.tsx [Client Component SSR]
    ./src/components/Header.tsx [Server Component]
    ./src/app/page.tsx [Server Component]

  Server Component:
    ./node_modules/next/dist/client/app-dir/link.js
    ./node_modules/next/dist/client/app-dir/link.react-server.js
    ./src/components/Footer.tsx
    ./src/app/page.tsx

https://nextjs.org/docs/messages/module-not-found


â¨¯ ./node_modules/next/dist/client/app-dir/link.js:33:35
Module not found: Can't resolve '@swc/helpers/_/_interop_require_wildcard'
Import map: aliased to module '@swc/helpers' with subpath '/_/_interop_require_wildcard' inside of [project]/node_modules/next


Import traces:
  Client Component Browser:
    ./node_modules/next/dist/client/app-dir/link.js [Client Component Browser]
    ./src/components/Header.tsx [Client Component Browser]
    ./src/components/Header.tsx [Server Component]
    ./src/app/page.tsx [Server Component]

  Client Component SSR:
    ./node_modules/next/dist/client/app-dir/link.js [Client Component SSR]
    ./src/components/Header.tsx [Client Component SSR]
    ./src/components/Header.tsx [Server Component]
    ./src/app/page.tsx [Server Component]

  Server Component:
    ./node_modules/next/dist/client/app-dir/link.js
    ./node_modules/next/dist/client/app-dir/link.react-server.js
    ./src/components/Footer.tsx
    ./src/app/page.tsx

https://nextjs.org/docs/messages/module-not-found


â¨¯ ./node_modules/next/dist/client/app-dir/link.react-server.js:23:35
Module not found: Can't resolve '@swc/helpers/_/_interop_require_wildcard'
Import map: aliased to module '@swc/helpers' with subpath '/_/_interop_require_wildcard' inside of [project]/node_modules/next


Import trace:
  Server Component:
    ./node_modules/next/dist/client/app-dir/link.react-server.js
    ./src/components/Footer.tsx
    ./src/app/page.tsx

https://nextjs.org/docs/messages/module-not-found


â¨¯ ./node_modules/next/dist/client/components/app-router.js:12:35
Module not found: Can't resolve '@swc/helpers/_/_interop_require_wildcard'
Import map: aliased to module '@swc/helpers' with subpath '/_/_interop_require_wildcard' inside of [project]/node_modules/next


Import trace:
  Client Component Browser:
    ./node_modules/next/dist/client/components/app-router.js
    ./node_modules/next/dist/client/app-index.js
    ./node_modules/next/dist/client/app-next-turbopack.js

https://nextjs.org/docs/messages/module-not-found


â¨¯ ./node_modules/next/dist/client/components/http-access-fallback/error-boundary.js:12:35
Module not found: Can't resolve '@swc/helpers/_/_interop_require_wildcard'
Import map: aliased to module '@swc/helpers' with subpath '/_/_interop_require_wildcard' inside of [project]/node_modules/next


Import trace:
  Client Component Browser:
    ./node_modules/next/dist/client/components/http-access-fallback/error-boundary.js
    ./node_modules/next/dist/client/components/dev-root-http-access-fallback-boundary.js
    ./node_modules/next/dist/client/components/app-router.js
    ./node_modules/next/dist/client/app-index.js
    ./node_modules/next/dist/client/app-next-turbopack.js

https://nextjs.org/docs/messages/module-not-found


â¨¯ ./node_modules/next/dist/client/components/layout-router.js:16:35
Module not found: Can't resolve '@swc/helpers/_/_interop_require_wildcard'
Import map: aliased to module '@swc/helpers' with subpath '/_/_interop_require_wildcard' inside of [project]/node_modules/next


Import trace:
  Client Component Browser:
    ./node_modules/next/dist/client/components/layout-router.js [Client Component Browser]
    ./node_modules/next/dist/esm/client/components/layout-router.js [Server Component]
    ./node_modules/next/dist/esm/server/app-render/entry-base.js [Server Component]

https://nextjs.org/docs/messages/module-not-found


â¨¯ ./node_modules/next/dist/client/components/navigation.js:85:35
Module not found: Can't resolve '@swc/helpers/_/_interop_require_wildcard'
Import map: aliased to module '@swc/helpers' with subpath '/_/_interop_require_wildcard' inside of [project]/node_modules/next


Import trace:
  Client Component Browser:
    ./node_modules/next/dist/client/components/navigation.js
    ./node_modules/next/dist/client/components/redirect-boundary.js
    ./node_modules/next/dist/client/components/app-router.js
    ./node_modules/next/dist/client/app-index.js
    ./node_modules/next/dist/client/app-next-turbopack.js

https://nextjs.org/docs/messages/module-not-found


â¨¯ ./node_modules/next/dist/client/components/redirect-boundary.js:24:35
Module not found: Can't resolve '@swc/helpers/_/_interop_require_wildcard'
Import map: aliased to module '@swc/helpers' with subpath '/_/_interop_require_wildcard' inside of [project]/node_modules/next


Import trace:
  Client Component Browser:
    ./node_modules/next/dist/client/components/redirect-boundary.js
    ./node_modules/next/dist/client/components/app-router.js
    ./node_modules/next/dist/client/app-index.js
    ./node_modules/next/dist/client/app-next-turbopack.js

https://nextjs.org/docs/messages/module-not-found


â¨¯ ./node_modules/next/dist/client/components/render-from-template-context.js:12:35
Module not found: Can't resolve '@swc/helpers/_/_interop_require_wildcard'
Import map: aliased to module '@swc/helpers' with subpath '/_/_interop_require_wildcard' inside of [project]/node_modules/next


Import trace:
  Client Component Browser:
    ./node_modules/next/dist/client/components/render-from-template-context.js [Client Component Browser]
    ./node_modules/next/dist/esm/client/components/render-from-template-context.js [Server Component]
    ./node_modules/next/dist/esm/server/app-render/entry-base.js [Server Component]

https://nextjs.org/docs/messages/module-not-found


â¨¯ ./node_modules/next/dist/client/components/use-action-queue.js:23:35
Module not found: Can't resolve '@swc/helpers/_/_interop_require_wildcard'
Import map: aliased to module '@swc/helpers' with subpath '/_/_interop_require_wildcard' inside of [project]/node_modules/next


Import traces:
  Client Component Browser:
    ./node_modules/next/dist/client/components/use-action-queue.js
    ./node_modules/next/dist/client/components/app-router-instance.js
    ./node_modules/next/dist/client/app-index.js
    ./node_modules/next/dist/client/app-next-turbopack.js

  Client Component SSR:
    ./node_modules/next/dist/client/components/use-action-queue.js [Client Component SSR]
    ./node_modules/next/dist/client/components/router-reducer/ppr-navigations.js [Client Component SSR]
    ./node_modules/next/dist/client/components/router-reducer/reducers/navigate-reducer.js [Client Component SSR]
    ./node_modules/next/dist/client/components/segment-cache/cache.js [Client Component SSR]
    ./node_modules/next/dist/client/components/segment-cache/scheduler.js [Client Component SSR]
    ./node_modules/next/dist/client/components/links.js [Client Component SSR]
    ./node_modules/next/dist/client/app-dir/link.js [Client Component SSR]
    ./src/components/Header.tsx [Client Component SSR]
    ./src/components/Header.tsx [Server Component]
    ./src/app/page.tsx [Server Component]

https://nextjs.org/docs/messages/module-not-found


â¨¯ ./node_modules/next/dist/client/components/use-action-queue.js:23:35
Module not found: Can't resolve '@swc/helpers/_/_interop_require_wildcard'
Import map: aliased to module '@swc/helpers' with subpath '/_/_interop_require_wildcard' inside of [project]/node_modules/next


Import traces:
  Client Component Browser:
    ./node_modules/next/dist/client/components/use-action-queue.js
    ./node_modules/next/dist/client/components/app-router-instance.js
    ./node_modules/next/dist/client/app-index.js
    ./node_modules/next/dist/client/app-next-turbopack.js

  Client Component SSR:
    ./node_modules/next/dist/client/components/use-action-queue.js [Client Component SSR]
    ./node_modules/next/dist/client/components/router-reducer/ppr-navigations.js [Client Component SSR]
    ./node_modules/next/dist/client/components/router-reducer/reducers/navigate-reducer.js [Client Component SSR]
    ./node_modules/next/dist/client/components/segment-cache/cache.js [Client Component SSR]
    ./node_modules/next/dist/client/components/segment-cache/scheduler.js [Client Component SSR]
    ./node_modules/next/dist/client/components/links.js [Client Component SSR]
    ./node_modules/next/dist/client/app-dir/link.js [Client Component SSR]
    ./src/components/Header.tsx [Client Component SSR]
    ./src/components/Header.tsx [Server Component]
    ./src/app/page.tsx [Server Component]

https://nextjs.org/docs/messages/module-not-found


â¨¯ ./node_modules/next/dist/shared/lib/router/utils/format-url.js:48:35
Module not found: Can't resolve '@swc/helpers/_/_interop_require_wildcard'
Import map: aliased to module '@swc/helpers' with subpath '/_/_interop_require_wildcard' inside of [project]/node_modules/next


Import traces:
  Client Component Browser:
    ./node_modules/next/dist/shared/lib/router/utils/format-url.js [Client Component Browser]
    ./node_modules/next/dist/client/app-dir/link.js [Client Component Browser]
    ./src/components/Header.tsx [Client Component Browser]
    ./src/components/Header.tsx [Server Component]
    ./src/app/page.tsx [Server Component]

  Client Component SSR:
    ./node_modules/next/dist/shared/lib/router/utils/format-url.js [Client Component SSR]
    ./node_modules/next/dist/client/app-dir/link.js [Client Component SSR]
    ./src/components/Header.tsx [Client Component SSR]
    ./src/components/Header.tsx [Server Component]
    ./src/app/page.tsx [Server Component]

https://nextjs.org/docs/messages/module-not-found


â¨¯ ./node_modules/next/dist/shared/lib/router/utils/format-url.js:48:35
Module not found: Can't resolve '@swc/helpers/_/_interop_require_wildcard'
Import map: aliased to module '@swc/helpers' with subpath '/_/_interop_require_wildcard' inside of [project]/node_modules/next


Import traces:
  Client Component Browser:
    ./node_modules/next/dist/shared/lib/router/utils/format-url.js [Client Component Browser]
    ./node_modules/next/dist/client/app-dir/link.js [Client Component Browser]
    ./src/components/Header.tsx [Client Component Browser]
    ./src/components/Header.tsx [Server Component]
    ./src/app/page.tsx [Server Component]

  Client Component SSR:
    ./node_modules/next/dist/shared/lib/router/utils/format-url.js [Client Component SSR]
    ./node_modules/next/dist/client/app-dir/link.js [Client Component SSR]
    ./src/components/Header.tsx [Client Component SSR]
    ./src/components/Header.tsx [Server Component]
    ./src/app/page.tsx [Server Component]

https://nextjs.org/docs/messages/module-not-found


â¨¯ ./node_modules/next/dist/shared/lib/server-inserted-html.shared-runtime.js:24:35
Module not found: Can't resolve '@swc/helpers/_/_interop_require_wildcard'
Import map: aliased to module '@swc/helpers' with subpath '/_/_interop_require_wildcard' inside of [project]/node_modules/next


Import trace:
  Client Component Browser:
    ./node_modules/next/dist/shared/lib/server-inserted-html.shared-runtime.js
    ./node_modules/next/dist/client/components/navigation.js
    ./node_modules/next/dist/client/components/redirect-boundary.js
    ./node_modules/next/dist/client/components/app-router.js
    ./node_modules/next/dist/client/app-index.js
    ./node_modules/next/dist/client/app-next-turbopack.js

https://nextjs.org/docs/messages/module-not-found


â¨¯ ./node_modules/next/dist/client/app-index.js:11:34
Module not found: Can't resolve '@swc/helpers/_/_interop_require_default'
Import map: aliased to module '@swc/helpers' with subpath '/_/_interop_require_default' inside of [project]/node_modules/next


Import trace:
  Client Component Browser:
    ./node_modules/next/dist/client/app-index.js
    ./node_modules/next/dist/client/app-next-turbopack.js

https://nextjs.org/docs/messages/module-not-found


â¨¯ ./node_modules/next/dist/client/components/app-router.js:11:34
Module not found: Can't resolve '@swc/helpers/_/_interop_require_default'
Import map: aliased to module '@swc/helpers' with subpath '/_/_interop_require_default' inside of [project]/node_modules/next


Import trace:
  Client Component Browser:
    ./node_modules/next/dist/client/components/app-router.js
    ./node_modules/next/dist/client/app-index.js
    ./node_modules/next/dist/client/app-next-turbopack.js

https://nextjs.org/docs/messages/module-not-found


â¨¯ ./node_modules/next/dist/client/components/dev-root-http-access-fallback-boundary.js:24:34
Module not found: Can't resolve '@swc/helpers/_/_interop_require_default'
Import map: aliased to module '@swc/helpers' with subpath '/_/_interop_require_default' inside of [project]/node_modules/next


Import trace:
  Client Component Browser:
    ./node_modules/next/dist/client/components/dev-root-http-access-fallback-boundary.js
    ./node_modules/next/dist/client/components/app-router.js
    ./node_modules/next/dist/client/app-index.js
    ./node_modules/next/dist/client/app-next-turbopack.js

https://nextjs.org/docs/messages/module-not-found


â¨¯ ./node_modules/next/dist/client/components/error-boundary.js:24:34
Module not found: Can't resolve '@swc/helpers/_/_interop_require_default'
Import map: aliased to module '@swc/helpers' with subpath '/_/_interop_require_default' inside of [project]/node_modules/next


Import trace:
  Client Component Browser:
    ./node_modules/next/dist/client/components/error-boundary.js
    ./node_modules/next/dist/client/react-client-callbacks/error-boundary-callbacks.js
    ./node_modules/next/dist/client/app-index.js
    ./node_modules/next/dist/client/app-next-turbopack.js

https://nextjs.org/docs/messages/module-not-found


â¨¯ ./node_modules/next/dist/client/components/errors/root-error-boundary.js:12:34
Module not found: Can't resolve '@swc/helpers/_/_interop_require_default'
Import map: aliased to module '@swc/helpers' with subpath '/_/_interop_require_default' inside of [project]/node_modules/next


Import trace:
  Client Component Browser:
    ./node_modules/next/dist/client/components/errors/root-error-boundary.js
    ./node_modules/next/dist/client/components/app-router.js
    ./node_modules/next/dist/client/app-index.js
    ./node_modules/next/dist/client/app-next-turbopack.js

https://nextjs.org/docs/messages/module-not-found


â¨¯ ./node_modules/next/dist/client/components/layout-router.js:15:34
Module not found: Can't resolve '@swc/helpers/_/_interop_require_default'
Import map: aliased to module '@swc/helpers' with subpath '/_/_interop_require_default' inside of [project]/node_modules/next


Import trace:
  Client Component Browser:
    ./node_modules/next/dist/client/components/layout-router.js [Client Component Browser]
    ./node_modules/next/dist/esm/client/components/layout-router.js [Server Component]
    ./node_modules/next/dist/esm/server/app-render/entry-base.js [Server Component]

https://nextjs.org/docs/messages/module-not-found


â¨¯ ./node_modules/next/dist/client/dev/hot-reloader/app/hot-reloader-app.js:32:34
Module not found: Can't resolve '@swc/helpers/_/_interop_require_default'
Import map: aliased to module '@swc/helpers' with subpath '/_/_interop_require_default' inside of [project]/node_modules/next


Import trace:
  Client Component Browser:
    ./node_modules/next/dist/client/dev/hot-reloader/app/hot-reloader-app.js
    ./node_modules/next/dist/client/dev/hot-reloader/app/web-socket.js
    ./node_modules/next/dist/client/app-index.js
    ./node_modules/next/dist/client/app-next-turbopack.js

https://nextjs.org/docs/messages/module-not-found


â¨¯ ./node_modules/next/dist/client/lib/console.js:23:34
Module not found: Can't resolve '@swc/helpers/_/_interop_require_default'
Import map: aliased to module '@swc/helpers' with subpath '/_/_interop_require_default' inside of [project]/node_modules/next


Import trace:
  Client Component Browser:
    ./node_modules/next/dist/client/lib/console.js
    ./node_modules/next/dist/next-devtools/userspace/app/errors/use-error-handler.js
    ./node_modules/next/dist/client/dev/hot-reloader/app/hot-reloader-app.js
    ./node_modules/next/dist/client/components/app-router.js
    ./node_modules/next/dist/client/app-index.js
    ./node_modules/next/dist/client/app-next-turbopack.js

https://nextjs.org/docs/messages/module-not-found


â¨¯ ./node_modules/next/dist/client/react-client-callbacks/error-boundary-callbacks.js:24:34
Module not found: Can't resolve '@swc/helpers/_/_interop_require_default'
Import map: aliased to module '@swc/helpers' with subpath '/_/_interop_require_default' inside of [project]/node_modules/next


Import trace:
  Client Component Browser:
    ./node_modules/next/dist/client/react-client-callbacks/error-boundary-callbacks.js
    ./node_modules/next/dist/client/app-index.js
    ./node_modules/next/dist/client/app-next-turbopack.js

https://nextjs.org/docs/messages/module-not-found


â¨¯ ./node_modules/next/dist/client/react-client-callbacks/on-recoverable-error.js:24:34
Module not found: Can't resolve '@swc/helpers/_/_interop_require_default'
Import map: aliased to module '@swc/helpers' with subpath '/_/_interop_require_default' inside of [project]/node_modules/next


Import trace:
  Client Component Browser:
    ./node_modules/next/dist/client/react-client-callbacks/on-recoverable-error.js
    ./node_modules/next/dist/client/app-next-turbopack.js

https://nextjs.org/docs/messages/module-not-found


â¨¯ ./node_modules/next/dist/next-devtools/userspace/app/app-dev-overlay-error-boundary.js:11:34
Module not found: Can't resolve '@swc/helpers/_/_interop_require_default'
Import map: aliased to module '@swc/helpers' with subpath '/_/_interop_require_default' inside of [project]/node_modules/next


Import trace:
  Client Component Browser:
    ./node_modules/next/dist/next-devtools/userspace/app/app-dev-overlay-error-boundary.js
    ./node_modules/next/dist/next-devtools/userspace/app/client-entry.js
    ./node_modules/next/dist/client/app-index.js
    ./node_modules/next/dist/client/app-next-turbopack.js

https://nextjs.org/docs/messages/module-not-found


â¨¯ ./node_modules/next/dist/next-devtools/userspace/app/client-entry.js:11:34
Module not found: Can't resolve '@swc/helpers/_/_interop_require_default'
Import map: aliased to module '@swc/helpers' with subpath '/_/_interop_require_default' inside of [project]/node_modules/next


Import trace:
  Client Component Browser:
    ./node_modules/next/dist/next-devtools/userspace/app/client-entry.js
    ./node_modules/next/dist/client/app-index.js
    ./node_modules/next/dist/client/app-next-turbopack.js

https://nextjs.org/docs/messages/module-not-found


â¨¯ ./node_modules/next/dist/next-devtools/userspace/app/errors/intercept-console-error.js:23:34
Module not found: Can't resolve '@swc/helpers/_/_interop_require_default'
Import map: aliased to module '@swc/helpers' with subpath '/_/_interop_require_default' inside of [project]/node_modules/next


Import trace:
  Client Component Browser:
    ./node_modules/next/dist/next-devtools/userspace/app/errors/intercept-console-error.js
    ./node_modules/next/dist/next-devtools/userspace/app/errors/index.js
    ./node_modules/next/dist/client/react-client-callbacks/error-boundary-callbacks.js
    ./node_modules/next/dist/client/app-index.js
    ./node_modules/next/dist/client/app-next-turbopack.js

https://nextjs.org/docs/messages/module-not-found


â¨¯ ./node_modules/next/dist/next-devtools/userspace/app/errors/stitched-error.js:35:34
Module not found: Can't resolve '@swc/helpers/_/_interop_require_default'
Import map: aliased to module '@swc/helpers' with subpath '/_/_interop_require_default' inside of [project]/node_modules/next


Import trace:
  Client Component Browser:
    ./node_modules/next/dist/next-devtools/userspace/app/errors/stitched-error.js
    ./node_modules/next/dist/client/app-next-turbopack.js

https://nextjs.org/docs/messages/module-not-found


â¨¯ ./node_modules/next/dist/next-devtools/userspace/app/errors/use-error-handler.js:31:34
Module not found: Can't resolve '@swc/helpers/_/_interop_require_default'
Import map: aliased to module '@swc/helpers' with subpath '/_/_interop_require_default' inside of [project]/node_modules/next


Import trace:
  Client Component Browser:
    ./node_modules/next/dist/next-devtools/userspace/app/errors/use-error-handler.js
    ./node_modules/next/dist/client/dev/hot-reloader/app/hot-reloader-app.js
    ./node_modules/next/dist/client/components/app-router.js
    ./node_modules/next/dist/client/app-index.js
    ./node_modules/next/dist/client/app-next-turbopack.js

https://nextjs.org/docs/messages/module-not-found


â¨¯ ./node_modules/next/dist/shared/lib/app-router-context.shared-runtime.js:36:34
Module not found: Can't resolve '@swc/helpers/_/_interop_require_default'
Import map: aliased to module '@swc/helpers' with subpath '/_/_interop_require_default' inside of [project]/node_modules/next


Import traces:
  #1 [Client Component Browser]:
    ./node_modules/next/dist/shared/lib/app-router-context.shared-runtime.js
    ./node_modules/next/dist/client/app-index.js
    ./node_modules/next/dist/client/app-next-turbopack.js

  #2 [Client Component Browser]:
    ./node_modules/next/dist/shared/lib/app-router-context.shared-runtime.js [Client Component Browser]
    ./node_modules/next/dist/client/app-dir/link.js [Client Component Browser]
    ./src/components/Header.tsx [Client Component Browser]
    ./src/components/Header.tsx [Server Component]
    ./src/app/page.tsx [Server Component]

https://nextjs.org/docs/messages/module-not-found


â¨¯ ./node_modules/next/dist/shared/lib/format-webpack-messages.js:33:34
Module not found: Can't resolve '@swc/helpers/_/_interop_require_default'
Import map: aliased to module '@swc/helpers' with subpath '/_/_interop_require_default' inside of [project]/node_modules/next


Import trace:
  Client Component Browser:
    ./node_modules/next/dist/shared/lib/format-webpack-messages.js
    ./node_modules/next/dist/client/dev/hot-reloader/app/hot-reloader-app.js
    ./node_modules/next/dist/client/dev/hot-reloader/app/web-socket.js
    ./node_modules/next/dist/client/app-index.js
    ./node_modules/next/dist/client/app-next-turbopack.js

https://nextjs.org/docs/messages/module-not-found


â¨¯ ./node_modules/next/dist/shared/lib/head-manager-context.shared-runtime.js:11:34
Module not found: Can't resolve '@swc/helpers/_/_interop_require_default'
Import map: aliased to module '@swc/helpers' with subpath '/_/_interop_require_default' inside of [project]/node_modules/next


Import trace:
  Client Component Browser:
    ./node_modules/next/dist/shared/lib/head-manager-context.shared-runtime.js
    ./node_modules/next/dist/client/app-index.js
    ./node_modules/next/dist/client/app-next-turbopack.js

https://nextjs.org/docs/messages/module-not-found


â¨¯ ./node_modules/next/dist/client/app-dir/link.js:33:35
Module not found: Can't resolve '@swc/helpers/_/_interop_require_wildcard'
Import map: aliased to module '@swc/helpers' with subpath '/_/_interop_require_wildcard' inside of [project]/node_modules/next


Import traces:
  Client Component Browser:
    ./node_modules/next/dist/client/app-dir/link.js [Client Component Browser]
    ./src/components/Header.tsx [Client Component Browser]
    ./src/components/Header.tsx [Server Component]
    ./src/app/page.tsx [Server Component]

  Client Component SSR:
    ./node_modules/next/dist/client/app-dir/link.js [Client Component SSR]
    ./src/components/Header.tsx [Client Component SSR]
    ./src/components/Header.tsx [Server Component]
    ./src/app/page.tsx [Server Component]

  Server Component:
    ./node_modules/next/dist/client/app-dir/link.js
    ./node_modules/next/dist/client/app-dir/link.react-server.js
    ./src/components/Footer.tsx
    ./src/app/page.tsx

https://nextjs.org/docs/messages/module-not-found


â¨¯ ./node_modules/next/dist/client/app-dir/link.js:33:35
Module not found: Can't resolve '@swc/helpers/_/_interop_require_wildcard'
Import map: aliased to module '@swc/helpers' with subpath '/_/_interop_require_wildcard' inside of [project]/node_modules/next


Import traces:
  Client Component Browser:
    ./node_modules/next/dist/client/app-dir/link.js [Client Component Browser]
    ./src/components/Header.tsx [Client Component Browser]
    ./src/components/Header.tsx [Server Component]
    ./src/app/page.tsx [Server Component]

  Client Component SSR:
    ./node_modules/next/dist/client/app-dir/link.js [Client Component SSR]
    ./src/components/Header.tsx [Client Component SSR]
    ./src/components/Header.tsx [Server Component]
    ./src/app/page.tsx [Server Component]

  Server Component:
    ./node_modules/next/dist/client/app-dir/link.js
    ./node_modules/next/dist/client/app-dir/link.react-server.js
    ./src/components/Footer.tsx
    ./src/app/page.tsx

https://nextjs.org/docs/messages/module-not-found


â¨¯ ./node_modules/next/dist/client/app-dir/link.react-server.js:23:35
Module not found: Can't resolve '@swc/helpers/_/_interop_require_wildcard'
Import map: aliased to module '@swc/helpers' with subpath '/_/_interop_require_wildcard' inside of [project]/node_modules/next


Import trace:
  Server Component:
    ./node_modules/next/dist/client/app-dir/link.react-server.js
    ./src/components/Footer.tsx
    ./src/app/page.tsx

https://nextjs.org/docs/messages/module-not-found


â¨¯ ./node_modules/next/dist/client/components/app-router.js:12:35
Module not found: Can't resolve '@swc/helpers/_/_interop_require_wildcard'
Import map: aliased to module '@swc/helpers' with subpath '/_/_interop_require_wildcard' inside of [project]/node_modules/next


Import trace:
  Client Component Browser:
    ./node_modules/next/dist/client/components/app-router.js
    ./node_modules/next/dist/client/app-index.js
    ./node_modules/next/dist/client/app-next-turbopack.js

https://nextjs.org/docs/messages/module-not-found


â¨¯ ./node_modules/next/dist/client/components/http-access-fallback/error-boundary.js:12:35
Module not found: Can't resolve '@swc/helpers/_/_interop_require_wildcard'
Import map: aliased to module '@swc/helpers' with subpath '/_/_interop_require_wildcard' inside of [project]/node_modules/next


Import trace:
  Client Component Browser:
    ./node_modules/next/dist/client/components/http-access-fallback/error-boundary.js
    ./node_modules/next/dist/client/components/dev-root-http-access-fallback-boundary.js
    ./node_modules/next/dist/client/components/app-router.js
    ./node_modules/next/dist/client/app-index.js
    ./node_modules/next/dist/client/app-next-turbopack.js

https://nextjs.org/docs/messages/module-not-found


â¨¯ ./node_modules/next/dist/client/components/layout-router.js:16:35
Module not found: Can't resolve '@swc/helpers/_/_interop_require_wildcard'
Import map: aliased to module '@swc/helpers' with subpath '/_/_interop_require_wildcard' inside of [project]/node_modules/next


Import trace:
  Client Component Browser:
    ./node_modules/next/dist/client/components/layout-router.js [Client Component Browser]
    ./node_modules/next/dist/esm/client/components/layout-router.js [Server Component]
    ./node_modules/next/dist/esm/server/app-render/entry-base.js [Server Component]

https://nextjs.org/docs/messages/module-not-found


â¨¯ ./node_modules/next/dist/client/components/navigation.js:85:35
Module not found: Can't resolve '@swc/helpers/_/_interop_require_wildcard'
Import map: aliased to module '@swc/helpers' with subpath '/_/_interop_require_wildcard' inside of [project]/node_modules/next


Import trace:
  Client Component Browser:
    ./node_modules/next/dist/client/components/navigation.js
    ./node_modules/next/dist/client/components/redirect-boundary.js
    ./node_modules/next/dist/client/components/app-router.js
    ./node_modules/next/dist/client/app-index.js
    ./node_modules/next/dist/client/app-next-turbopack.js

https://nextjs.org/docs/messages/module-not-found


â¨¯ ./node_modules/next/dist/client/components/redirect-boundary.js:24:35
Module not found: Can't resolve '@swc/helpers/_/_interop_require_wildcard'
Import map: aliased to module '@swc/helpers' with subpath '/_/_interop_require_wildcard' inside of [project]/node_modules/next


Import trace:
  Client Component Browser:
    ./node_modules/next/dist/client/components/redirect-boundary.js
    ./node_modules/next/dist/client/components/app-router.js
    ./node_modules/next/dist/client/app-index.js
    ./node_modules/next/dist/client/app-next-turbopack.js

https://nextjs.org/docs/messages/module-not-found


â¨¯ ./node_modules/next/dist/client/components/render-from-template-context.js:12:35
Module not found: Can't resolve '@swc/helpers/_/_interop_require_wildcard'
Import map: aliased to module '@swc/helpers' with subpath '/_/_interop_require_wildcard' inside of [project]/node_modules/next


Import trace:
  Client Component Browser:
    ./node_modules/next/dist/client/components/render-from-template-context.js [Client Component Browser]
    ./node_modules/next/dist/esm/client/components/render-from-template-context.js [Server Component]
    ./node_modules/next/dist/esm/server/app-render/entry-base.js [Server Component]

https://nextjs.org/docs/messages/module-not-found


â¨¯ ./node_modules/next/dist/client/components/use-action-queue.js:23:35
Module not found: Can't resolve '@swc/helpers/_/_interop_require_wildcard'
Import map: aliased to module '@swc/helpers' with subpath '/_/_interop_require_wildcard' inside of [project]/node_modules/next


Import traces:
  Client Component Browser:
    ./node_modules/next/dist/client/components/use-action-queue.js
    ./node_modules/next/dist/client/components/app-router-instance.js
    ./node_modules/next/dist/client/app-index.js
    ./node_modules/next/dist/client/app-next-turbopack.js

  Client Component SSR:
    ./node_modules/next/dist/client/components/use-action-queue.js [Client Component SSR]
    ./node_modules/next/dist/client/components/router-reducer/ppr-navigations.js [Client Component SSR]
    ./node_modules/next/dist/client/components/router-reducer/reducers/navigate-reducer.js [Client Component SSR]
    ./node_modules/next/dist/client/components/segment-cache/cache.js [Client Component SSR]
    ./node_modules/next/dist/client/components/segment-cache/scheduler.js [Client Component SSR]
    ./node_modules/next/dist/client/components/links.js [Client Component SSR]
    ./node_modules/next/dist/client/app-dir/link.js [Client Component SSR]
    ./src/components/Header.tsx [Client Component SSR]
    ./src/components/Header.tsx [Server Component]
    ./src/app/page.tsx [Server Component]

https://nextjs.org/docs/messages/module-not-found


â¨¯ ./node_modules/next/dist/client/components/use-action-queue.js:23:35
Module not found: Can't resolve '@swc/helpers/_/_interop_require_wildcard'
Import map: aliased to module '@swc/helpers' with subpath '/_/_interop_require_wildcard' inside of [project]/node_modules/next


Import traces:
  Client Component Browser:
    ./node_modules/next/dist/client/components/use-action-queue.js
    ./node_modules/next/dist/client/components/app-router-instance.js
    ./node_modules/next/dist/client/app-index.js
    ./node_modules/next/dist/client/app-next-turbopack.js

  Client Component SSR:
    ./node_modules/next/dist/client/components/use-action-queue.js [Client Component SSR]
    ./node_modules/next/dist/client/components/router-reducer/ppr-navigations.js [Client Component SSR]
    ./node_modules/next/dist/client/components/router-reducer/reducers/navigate-reducer.js [Client Component SSR]
    ./node_modules/next/dist/client/components/segment-cache/cache.js [Client Component SSR]
    ./node_modules/next/dist/client/components/segment-cache/scheduler.js [Client Component SSR]
    ./node_modules/next/dist/client/components/links.js [Client Component SSR]
    ./node_modules/next/dist/client/app-dir/link.js [Client Component SSR]
    ./src/components/Header.tsx [Client Component SSR]
    ./src/components/Header.tsx [Server Component]
    ./src/app/page.tsx [Server Component]

https://nextjs.org/docs/messages/module-not-found


â¨¯ ./node_modules/next/dist/shared/lib/router/utils/format-url.js:48:35
Module not found: Can't resolve '@swc/helpers/_/_interop_require_wildcard'
Import map: aliased to module '@swc/helpers' with subpath '/_/_interop_require_wildcard' inside of [project]/node_modules/next


Import traces:
  Client Component Browser:
    ./node_modules/next/dist/shared/lib/router/utils/format-url.js [Client Component Browser]
    ./node_modules/next/dist/client/app-dir/link.js [Client Component Browser]
    ./src/components/Header.tsx [Client Component Browser]
    ./src/components/Header.tsx [Server Component]
    ./src/app/page.tsx [Server Component]

  Client Component SSR:
    ./node_modules/next/dist/shared/lib/router/utils/format-url.js [Client Component SSR]
    ./node_modules/next/dist/client/app-dir/link.js [Client Component SSR]
    ./src/components/Header.tsx [Client Component SSR]
    ./src/components/Header.tsx [Server Component]
    ./src/app/page.tsx [Server Component]

https://nextjs.org/docs/messages/module-not-found


â¨¯ ./node_modules/next/dist/shared/lib/router/utils/format-url.js:48:35
Module not found: Can't resolve '@swc/helpers/_/_interop_require_wildcard'
Import map: aliased to module '@swc/helpers' with subpath '/_/_interop_require_wildcard' inside of [project]/node_modules/next


Import traces:
  Client Component Browser:
    ./node_modules/next/dist/shared/lib/router/utils/format-url.js [Client Component Browser]
    ./node_modules/next/dist/client/app-dir/link.js [Client Component Browser]
    ./src/components/Header.tsx [Client Component Browser]
    ./src/components/Header.tsx [Server Component]
    ./src/app/page.tsx [Server Component]

  Client Component SSR:
    ./node_modules/next/dist/shared/lib/router/utils/format-url.js [Client Component SSR]
    ./node_modules/next/dist/client/app-dir/link.js [Client Component SSR]
    ./src/components/Header.tsx [Client Component SSR]
    ./src/components/Header.tsx [Server Component]
    ./src/app/page.tsx [Server Component]

https://nextjs.org/docs/messages/module-not-found


â¨¯ ./node_modules/next/dist/shared/lib/server-inserted-html.shared-runtime.js:24:35
Module not found: Can't resolve '@swc/helpers/_/_interop_require_wildcard'
Import map: aliased to module '@swc/helpers' with subpath '/_/_interop_require_wildcard' inside of [project]/node_modules/next


Import trace:
  Client Component Browser:
    ./node_modules/next/dist/shared/lib/server-inserted-html.shared-runtime.js
    ./node_modules/next/dist/client/components/navigation.js
    ./node_modules/next/dist/client/components/redirect-boundary.js
    ./node_modules/next/dist/client/components/app-router.js
    ./node_modules/next/dist/client/app-index.js
    ./node_modules/next/dist/client/app-next-turbopack.js

https://nextjs.org/docs/messages/module-not-found


âœ“ Compiled in 505ms
âœ“ Compiled in 1024ms
  Reload env: .env
 GET /api/performance 500 in 79ms (compile: 66ms, render: 13ms)
 GET /api/signals/latest 500 in 20ms (compile: 14ms, render: 6ms)
â¨¯ ./src/components/UserDashboard.tsx:18:1
Export Upgrade doesn't exist in target module
[0m [90m 16 |[39m   [33mDialogTrigger[39m[33m,[39m
 [90m 17 |[39m } [36mfrom[39m [32m'@/components/ui/dialog'[39m[33m;[39m
[31m[1m>[22m[39m[90m 18 |[39m [36mimport[39m {
 [90m    |[39m [31m[1m^[22m[39m[31m[1m^[22m[39m[31m[1m^[22m[39m[31m[1m^[22m[39m[31m[1m^[22m[39m[31m[1m^[22m[39m[31m[1m^[22m[39m[31m[1m^[22m[39m
[31m[1m>[22m[39m[90m 19 |[39m   [33mUser[39m[33m,[39m
 [90m    |[39m [31m[1m^[22m[39m[31m[1m^[22m[39m[31m[1m^[22m[39m[31m[1m^[22m[39m[31m[1m^[22m[39m[31m[1m^[22m[39m[31m[1m^[22m[39m
[31m[1m>[22m[39m[90m 20 |[39m   [33mBell[39m[33m,[39m
 [90m    |[39m [31m[1m^[22m[39m[31m[1m^[22m[39m[31m[1m^[22m[39m[31m[1m^[22m[39m[31m[1m^[22m[39m[31m[1m^[22m[39m[31m[1m^[22m[39m
[31m[1m>[22m[39m[90m 21 |[39m   [33mCrown[39m[33m,[39m
 [90m    |[39m [31m[1m^[22m[39m[31m[1m^[22m[39m[31m[1m^[22m[39m[31m[1m^[22m[39m[31m[1m^[22m[39m[31m[1m^[22m[39m[31m[1m^[22m[39m
[31m[1m>[22m[39m[90m 22 |[39m   [33mStar[39m[33m,[39m
 [90m    |[39m [31m[1m^[22m[39m[31m[1m^[22m[39m[31m[1m^[22m[39m[31m[1m^[22m[39m[31m[1m^[22m[39m[31m[1m^[22m[39m[31m[1m^[22m[39m
[31m[1m>[22m[39m[90m 23 |[39m   [33mZap[39m[33m,[39m
 [90m    |[39m [31m[1m^[22m[39m[31m[1m^[22m[39m[31m[1m^[22m[39m[31m[1m^[22m[39m[31m[1m^[22m[39m[31m[1m^[22m[39m[31m[1m^[22m[39m
[31m[1m>[22m[39m[90m 24 |[39m   [33mTrendingUp[39m[33m,[39m
 [90m    |[39m [31m[1m^[22m[39m[31m[1m^[22m[39m[31m[1m^[22m[39m[31m[1m^[22m[39m[31m[1m^[22m[39m[31m[1m^[22m[39m[31m[1m^[22m[39m
[31m[1m>[22m[39m[90m 25 |[39m   [33mTrendingDown[39m[33m,[39m
 [90m    |[39m [31m[1m^[22m[39m[31m[1m^[22m[39m[31m[1m^[22m[39m[31m[1m^[22m[39m[31m[1m^[22m[39m[31m[1m^[22m[39m[31m[1m^[22m[39m
[31m[1m>[22m[39m[90m 26 |[39m   [33mClock[39m[33m,[39m
 [90m    |[39m [31m[1m^[22m[39m[31m[1m^[22m[39m[31m[1m^[22m[39m[31m[1m^[22m[39m[31m[1m^[22m[39m[31m[1m^[22m[39m[31m[1m^[22m[39m
[31m[1m>[22m[39m[90m 27 |[39m   [33mLoader2[39m[33m,[39m
 [90m    |[39m [31m[1m^[22m[39m[31m[1m^[22m[39m[31m[1m^[22m[39m[31m[1m^[22m[39m[31m[1m^[22m[39m[31m[1m^[22m[39m[31m[1m^[22m[39m
[31m[1m>[22m[39m[90m 28 |[39m   [33mSettings[39m[33m,[39m
 [90m    |[39m [31m[1m^[22m[39m[31m[1m^[22m[39m[31m[1m^[22m[39m[31m[1m^[22m[39m[31m[1m^[22m[39m[31m[1m^[22m[39m[31m[1m^[22m[39m
[31m[1m>[22m[39m[90m 29 |[39m   [33mUpgrade[39m[33m,[39m
 [90m    |[39m [31m[1m^[22m[39m[31m[1m^[22m[39m[31m[1m^[22m[39m[31m[1m^[22m[39m[31m[1m^[22m[39m[31m[1m^[22m[39m[31m[1m^[22m[39m
[31m[1m>[22m[39m[90m 30 |[39m } [36mfrom[39m [32m'lucide-react'[39m[33m;[39m
 [90m    |[39m [31m[1m^[22m[39m[31m[1m^[22m[39m[31m[1m^[22m[39m[31m[1m^[22m[39m[31m[1m^[22m[39m[31m[1m^[22m[39m[31m[1m^[22m[39m[31m[1m^[22m[39m[31m[1m^[22m[39m[31m[1m^[22m[39m[31m[1m^[22m[39m[31m[1m^[22m[39m[31m[1m^[22m[39m[31m[1m^[22m[39m[31m[1m^[22m[39m[31m[1m^[22m[39m[31m[1m^[22m[39m[31m[1m^[22m[39m[31m[1m^[22m[39m[31m[1m^[22m[39m[31m[1m^[22m[39m[31m[1m^[22m[39m[31m[1m^[22m[39m
 [90m 31 |[39m
 [90m 32 |[39m [36minterface[39m [33mSignal[39m {
 [90m 33 |[39m   id[33m:[39m string[33m;[39m[0m

The export Upgrade was not found in module [project]/node_modules/lucide-react/dist/esm/lucide-react.js [app-client] (ecmascript).
Did you mean to import Spade?
All exports of the module are statically known (It doesn't have dynamic exports). So it's known statically that the requested export doesn't exist.

Import traces:
  Client Component Browser:
    ./src/components/UserDashboard.tsx [Client Component Browser]
    ./src/components/Header.tsx [Client Component Browser]
    ./src/components/Header.tsx [Server Component]
    ./src/app/page.tsx [Server Component]

  Client Component SSR:
    ./src/components/UserDashboard.tsx [Client Component SSR]
    ./src/components/Header.tsx [Client Component SSR]
    ./src/components/Header.tsx [Server Component]
    ./src/app/page.tsx [Server Component]



./src/components/UserDashboard.tsx:18:1
Export Upgrade doesn't exist in target module
[0m [90m 16 |[39m   [33mDialogTrigger[39m[33m,[39m
 [90m 17 |[39m } [36mfrom[39m [32m'@/components/ui/dialog'[39m[33m;[39m
[31m[1m>[22m[39m[90m 18 |[39m [36mimport[39m {
 [90m    |[39m [31m[1m^[22m[39m[31m[1m^[22m[39m[31m[1m^[22m[39m[31m[1m^[22m[39m[31m[1m^[22m[39m[31m[1m^[22m[39m[31m[1m^[22m[39m[31m[1m^[22m[39m
[31m[1m>[22m[39m[90m 19 |[39m   [33mUser[39m[33m,[39m
 [90m    |[39m [31m[1m^[22m[39m[31m[1m^[22m[39m[31m[1m^[22m[39m[31m[1m^[22m[39m[31m[1m^[22m[39m[31m[1m^[22m[39m[31m[1m^[22m[39m
[31m[1m>[22m[39m[90m 20 |[39m   [33mBell[39m[33m,[39m
 [90m    |[39m [31m[1m^[22m[39m[31m[1m^[22m[39m[31m[1m^[22m[39m[31m[1m^[22m[39m[31m[1m^[22m[39m[31m[1m^[22m[39m[31m[1m^[22m[39m
[31m[1m>[22m[39m[90m 21 |[39m   [33mCrown[39m[33m,[39m
 [90m    |[39m [31m[1m^[22m[39m[31m[1m^[22m[39m[31m[1m^[22m[39m[31m[1m^[22m[39m[31m[1m^[22m[39m[31m[1m^[22m[39m[31m[1m^[22m[39m
[31m[1m>[22m[39m[90m 22 |[39m   [33mStar[39m[33m,[39m
 [90m    |[39m [31m[1m^[22m[39m[31m[1m^[22m[39m[31m[1m^[22m[39m[31m[1m^[22m[39m[31m[1m^[22m[39m[31m[1m^[22m[39m[31m[1m^[22m[39m
[31m[1m>[22m[39m[90m 23 |[39m   [33mZap[39m[33m,[39m
 [90m    |[39m [31m[1m^[22m[39m[31m[1m^[22m[39m[31m[1m^[22m[39m[31m[1m^[22m[39m[31m[1m^[22m[39m[31m[1m^[22m[39m[31m[1m^[22m[39m
[31m[1m>[22m[39m[90m 24 |[39m   [33mTrendingUp[39m[33m,[39m
 [90m    |[39m [31m[1m^[22m[39m[31m[1m^[22m[39m[31m[1m^[22m[39m[31m[1m^[22m[39m[31m[1m^[22m[39m[31m[1m^[22m[39m[31m[1m^[22m[39m
[31m[1m>[22m[39m[90m 25 |[39m   [33mTrendingDown[39m[33m,[39m
 [90m    |[39m [31m[1m^[22m[39m[31m[1m^[22m[39m[31m[1m^[22m[39m[31m[1m^[22m[39m[31m[1m^[22m[39m[31m[1m^[22m[39m[31m[1m^[22m[39m
[31m[1m>[22m[39m[90m 26 |[39m   [33mClock[39m[33m,[39m
 [90m    |[39m [31m[1m^[22m[39m[31m[1m^[22m[39m[31m[1m^[22m[39m[31m[1m^[22m[39m[31m[1m^[22m[39m[31m[1m^[22m[39m[31m[1m^[22m[39m
[31m[1m>[22m[39m[90m 27 |[39m   [33mLoader2[39m[33m,[39m
 [90m    |[39m [31m[1m^[22m[39m[31m[1m^[22m[39m[31m[1m^[22m[39m[31m[1m^[22m[39m[31m[1m^[22m[39m[31m[1m^[22m[39m[31m[1m^[22m[39m
[31m[1m>[22m[39m[90m 28 |[39m   [33mSettings[39m[33m,[39m
 [90m    |[39m [31m[1m^[22m[39m[31m[1m^[22m[39m[31m[1m^[22m[39m[31m[1m^[22m[39m[31m[1m^[22m[39m[31m[1m^[22m[39m[31m[1m^[22m[39m
[31m[1m>[22m[39m[90m 29 |[39m   [33mUpgrade[39m[33m,[39m
 [90m    |[39m [31m[1m^[22m[39m[31m[1m^[22m[39m[31m[1m^[22m[39m[31m[1m^[22m[39m[31m[1m^[22m[39m[31m[1m^[22m[39m[31m[1m^[22m[39m
[31m[1m>[22m[39m[90m 30 |[39m } [36mfrom[39m [32m'lucide-react'[39m[33m;[39m
 [90m    |[39m [31m[1m^[22m[39m[31m[1m^[22m[39m[31m[1m^[22m[39m[31m[1m^[22m[39m[31m[1m^[22m[39m[31m[1m^[22m[39m[31m[1m^[22m[39m[31m[1m^[22m[39m[31m[1m^[22m[39m[31m[1m^[22m[39m[31m[1m^[22m[39m[31m[1m^[22m[39m[31m[1m^[22m[39m[31m[1m^[22m[39m[31m[1m^[22m[39m[31m[1m^[22m[39m[31m[1m^[22m[39m[31m[1m^[22m[39m[31m[1m^[22m[39m[31m[1m^[22m[39m[31m[1m^[22m[39m[31m[1m^[22m[39m[31m[1m^[22m[39m
 [90m 31 |[39m
 [90m 32 |[39m [36minterface[39m [33mSignal[39m {
 [90m 33 |[39m   id[33m:[39m string[33m;[39m[0m

The export Upgrade was not found in module [project]/node_modules/lucide-react/dist/esm/lucide-react.js [app-ssr] (ecmascript).
Did you mean to import Spade?
All exports of the module are statically known (It doesn't have dynamic exports). So it's known statically that the requested export doesn't exist.

Import traces:
  Client Component Browser:
    ./src/components/UserDashboard.tsx [Client Component Browser]
    ./src/components/Header.tsx [Client Component Browser]
    ./src/components/Header.tsx [Server Component]
    ./src/app/page.tsx [Server Component]

  Client Component SSR:
    ./src/components/UserDashboard.tsx [Client Component SSR]
    ./src/components/Header.tsx [Client Component SSR]
    ./src/components/Header.tsx [Server Component]
    ./src/app/page.tsx [Server Component]


 GET / 500 in 33ms (compile: 25ms, render: 8ms)
âœ“ Compiled in 260ms
âš  metadataBase property in metadata export is not set for resolving social open graph or twitter images, using "http://localhost:3000". See https://nextjs.org/docs/app/api-reference/functions/generate-metadata#metadatabase
 GET / 200 in 87ms (compile: 54ms, render: 34ms)
âš  metadataBase property in metadata export is not set for resolving social open graph or twitter images, using "http://localhost:3000". See https://nextjs.org/docs/app/api-reference/functions/generate-metadata#metadatabase
 GET / 200 in 102ms (compile: 48ms, render: 54ms)
 GET / 200 in 23ms (compile: 3ms, render: 20ms)
 GET / 200 in 46ms (compile: 1821Âµs, render: 44ms)
 GET / 200 in 27ms (compile: 1430Âµs, render: 26ms)
 GET / 200 in 20ms (compile: 1362Âµs, render: 19ms)
 GET / 200 in 26ms (compile: 1264Âµs, render: 24ms)
 GET / 200 in 32ms (compile: 2ms, render: 29ms)
 GET / 200 in 28ms (compile: 1971Âµs, render: 26ms)
 GET / 200 in 22ms (compile: 2ms, render: 20ms)
 GET / 200 in 47ms (compile: 2ms, render: 45ms)
 GET / 200 in 24ms (compile: 1687Âµs, render: 22ms)
 GET / 200 in 22ms (compile: 3ms, render: 19ms)
 GET / 200 in 26ms (compile: 2ms, render: 23ms)
 GET / 200 in 25ms (compile: 1838Âµs, render: 23ms)
 GET / 200 in 19ms (compile: 1684Âµs, render: 18ms)
 GET / 200 in 20ms (compile: 1312Âµs, render: 19ms)
 GET / 200 in 19ms (compile: 1808Âµs, render: 17ms)
 GET / 200 in 18ms (compile: 1764Âµs, render: 16ms)
âš  metadataBase property in metadata export is not set for resolving social open graph or twitter images, using "http://localhost:3000". See https://nextjs.org/docs/app/api-reference/functions/generate-metadata#metadatabase
 GET / 200 in 170ms (compile: 129ms, render: 41ms)
 GET / 200 in 18ms (compile: 1602Âµs, render: 16ms)
 GET / 200 in 24ms (compile: 1391Âµs, render: 22ms)
 GET / 200 in 28ms (compile: 1923Âµs, render: 26ms)
 GET / 200 in 51ms (compile: 3ms, render: 48ms)
 GET / 200 in 19ms (compile: 1395Âµs, render: 17ms)
 GET / 200 in 16ms (compile: 1368Âµs, render: 15ms)
 GET / 200 in 26ms (compile: 1640Âµs, render: 24ms)
 GET / 200 in 27ms (compile: 2ms, render: 25ms)
 GET / 200 in 34ms (compile: 2ms, render: 32ms)
 GET / 200 in 19ms (compile: 1580Âµs, render: 17ms)
 GET / 200 in 19ms (compile: 1610Âµs, render: 17ms)
 GET / 200 in 16ms (compile: 1332Âµs, render: 15ms)
 GET / 200 in 18ms (compile: 2ms, render: 16ms)
 GET / 200 in 22ms (compile: 2ms, render: 20ms)
 GET / 200 in 20ms (compile: 2ms, render: 17ms)
 GET / 200 in 36ms (compile: 3ms, render: 33ms)
 GET / 200 in 24ms (compile: 3ms, render: 21ms)
 GET / 200 in 22ms (compile: 1416Âµs, render: 21ms)
 GET / 200 in 25ms (compile: 1718Âµs, render: 23ms)
 GET / 200 in 21ms (compile: 1333Âµs, render: 20ms)
 GET / 200 in 21ms (compile: 1472Âµs, render: 19ms)
 GET / 200 in 21ms (compile: 1805Âµs, render: 19ms)
 GET / 200 in 22ms (compile: 1470Âµs, render: 20ms)
 GET / 200 in 18ms (compile: 1482Âµs, render: 16ms)
 GET / 200 in 33ms (compile: 3ms, render: 30ms)
 GET / 200 in 21ms (compile: 2ms, render: 18ms)
 GET / 200 in 29ms (compile: 1954Âµs, render: 27ms)
 GET / 200 in 19ms (compile: 1602Âµs, render: 17ms)
 GET / 200 in 20ms (compile: 1364Âµs, render: 19ms)
 GET / 200 in 26ms (compile: 1885Âµs, render: 24ms)
 GET / 200 in 19ms (compile: 1830Âµs, render: 17ms)
 GET / 200 in 20ms (compile: 1900Âµs, render: 18ms)
 GET / 200 in 17ms (compile: 1290Âµs, render: 15ms)
 GET / 200 in 19ms (compile: 1290Âµs, render: 18ms)
 GET / 200 in 18ms (compile: 1958Âµs, render: 16ms)
 GET / 200 in 23ms (compile: 1673Âµs, render: 21ms)
 GET / 200 in 21ms (compile: 2ms, render: 19ms)
 GET / 200 in 18ms (compile: 1838Âµs, render: 16ms)
 GET / 200 in 27ms (compile: 2ms, render: 25ms)
 GET / 200 in 39ms (compile: 3ms, render: 36ms)
 GET / 200 in 20ms (compile: 1957Âµs, render: 18ms)
 GET / 200 in 20ms (compile: 1771Âµs, render: 18ms)
 GET / 200 in 27ms (compile: 2ms, render: 25ms)
 GET / 200 in 64ms (compile: 2ms, render: 61ms)
 GET / 200 in 34ms (compile: 1610Âµs, render: 33ms)
 GET / 200 in 26ms (compile: 2ms, render: 23ms)
 GET / 200 in 18ms (compile: 1715Âµs, render: 16ms)
 GET / 200 in 18ms (compile: 1884Âµs, render: 16ms)
 GET / 200 in 21ms (compile: 1773Âµs, render: 19ms)
 GET / 200 in 25ms (compile: 1472Âµs, render: 24ms)
 GET / 200 in 18ms (compile: 1572Âµs, render: 17ms)
âœ“ Compiled in 169ms
âš  Fast Refresh had to perform a full reload due to a runtime error.
âš  metadataBase property in metadata export is not set for resolving social open graph or twitter images, using "http://localhost:3000". See https://nextjs.org/docs/app/api-reference/functions/generate-metadata#metadatabase
â¨¯ Error: [next-auth]: `useSession` must be wrapped in a <SessionProvider />
    at Header (src/components/Header.tsx:15:32)
  13 | export function Header() {
  14 |   const [isOpen, setIsOpen] = useState(false);
> 15 |   const { status } = useSession();
     |                                ^
  16 |
  17 |   const navItems = [
  18 |     { href: '#signals', label: 'Live Signals' }, {
  digest: '1646500180'
}
 GET / 500 in 258ms (compile: 45ms, render: 214ms)
âœ“ Compiled in 94ms
âœ“ Compiled in 127ms
âœ“ Compiled in 1083ms
âœ“ Compiled in 149ms
prisma:query SELECT 1
prisma:query SELECT `main`.`Signal`.`id`, `main`.`Signal`.`pair`, `main`.`Signal`.`type`, `main`.`Signal`.`entryPrice`, `main`.`Signal`.`takeProfit1`, `main`.`Signal`.`takeProfit2`, `main`.`Signal`.`stopLoss`, `main`.`Signal`.`analysis`, `main`.`Signal`.`status`, `main`.`Signal`.`createdAt`, `main`.`Signal`.`updatedAt`, `main`.`Signal`.`result`, `main`.`Signal`.`pips` FROM `main`.`Signal` WHERE 1=1 ORDER BY `main`.`Signal`.`createdAt` DESC LIMIT ? OFFSET ?
prisma:query SELECT COUNT(*) AS `_count$_all` FROM (SELECT `main`.`Signal`.`id` FROM `main`.`Signal` WHERE 1=1 LIMIT ? OFFSET ?) AS `sub`
 GET /api/signals 200 in 81ms (compile: 62ms, render: 19ms)
â¨¯ ./src/app/api/auth/register/route.ts:2:1
Export prisma doesn't exist in target module
[0m [90m 1 |[39m [36mimport[39m { [33mNextRequest[39m[33m,[39m [33mNextResponse[39m } [36mfrom[39m [32m'next/server'[39m[33m;[39m
[31m[1m>[22m[39m[90m 2 |[39m [36mimport[39m { prisma } [36mfrom[39m [32m'@/lib/db'[39m[33m;[39m
 [90m   |[39m [31m[1m^[22m[39m[31m[1m^[22m[39m[31m[1m^[22m[39m[31m[1m^[22m[39m[31m[1m^[22m[39m[31m[1m^[22m[39m[31m[1m^[22m[39m[31m[1m^[22m[39m[31m[1m^[22m[39m[31m[1m^[22m[39m[31m[1m^[22m[39m[31m[1m^[22m[39m[31m[1m^[22m[39m[31m[1m^[22m[39m[31m[1m^[22m[39m[31m[1m^[22m[39m[31m[1m^[22m[39m[31m[1m^[22m[39m[31m[1m^[22m[39m[31m[1m^[22m[39m[31m[1m^[22m[39m[31m[1m^[22m[39m[31m[1m^[22m[39m[31m[1m^[22m[39m[31m[1m^[22m[39m[31m[1m^[22m[39m[31m[1m^[22m[39m[31m[1m^[22m[39m[31m[1m^[22m[39m[31m[1m^[22m[39m[31m[1m^[22m[39m[31m[1m^[22m[39m[31m[1m^[22m[39m[31m[1m^[22m[39m
 [90m 3 |[39m [36mimport[39m bcrypt [36mfrom[39m [32m'bcryptjs'[39m[33m;[39m
 [90m 4 |[39m
 [90m 5 |[39m [36mexport[39m [36masync[39m [36mfunction[39m [33mPOST[39m(request[33m:[39m [33mNextRequest[39m) {[0m

The export prisma was not found in module [project]/src/lib/db.ts [app-route] (ecmascript).
Did you mean to import db?
All exports of the module are statically known (It doesn't have dynamic exports). So it's known statically that the requested export doesn't exist.


 POST /api/auth/register 500 in 152ms (compile: 139ms, render: 13ms)
Registration error: TypeError: Cannot read properties of undefined (reading 'findUnique')
    at POST (src/app/api/auth/register/route.ts:26:44)
  24 |
  25 |     // Check if user already exists
> 26 |     const existingUser = await prisma.user.findUnique({
     |                                            ^
  27 |       where: { email },
  28 |     });
  29 |
 POST /api/auth/register 500 in 230ms (compile: 37ms, render: 193ms)
â¨¯ ./src/lib/auth.ts:4:1
Module not found: Can't resolve '@next-auth/prisma-adapter'
[0m [90m 2 |[39m [36mimport[39m [33mCredentialsProvider[39m [36mfrom[39m [32m"next-auth/providers/credentials"[39m[33m;[39m
 [90m 3 |[39m [36mimport[39m [33mGitHubProvider[39m [36mfrom[39m [32m"next-auth/providers/github"[39m[33m;[39m
[31m[1m>[22m[39m[90m 4 |[39m [36mimport[39m { [33mPrismaAdapter[39m } [36mfrom[39m [32m"@next-auth/prisma-adapter"[39m[33m;[39m
 [90m   |[39m [31m[1m^[22m[39m[31m[1m^[22m[39m[31m[1m^[22m[39m[31m[1m^[22m[39m[31m[1m^[22m[39m[31m[1m^[22m[39m[31m[1m^[22m[39m[31m[1m^[22m[39m[31m[1m^[22m[39m[31m[1m^[22m[39m[31m[1m^[22m[39m[31m[1m^[22m[39m[31m[1m^[22m[39m[31m[1m^[22m[39m[31m[1m^[22m[39m[31m[1m^[22m[39m[31m[1m^[22m[39m[31m[1m^[22m[39m[31m[1m^[22m[39m[31m[1m^[22m[39m[31m[1m^[22m[39m[31m[1m^[22m[39m[31m[1m^[22m[39m[31m[1m^[22m[39m[31m[1m^[22m[39m[31m[1m^[22m[39m[31m[1m^[22m[39m[31m[1m^[22m[39m[31m[1m^[22m[39m[31m[1m^[22m[39m[31m[1m^[22m[39m[31m[1m^[22m[39m[31m[1m^[22m[39m[31m[1m^[22m[39m[31m[1m^[22m[39m[31m[1m^[22m[39m[31m[1m^[22m[39m[31m[1m^[22m[39m[31m[1m^[22m[39m[31m[1m^[22m[39m[31m[1m^[22m[39m[31m[1m^[22m[39m[31m[1m^[22m[39m[31m[1m^[22m[39m[31m[1m^[22m[39m[31m[1m^[22m[39m[31m[1m^[22m[39m[31m[1m^[22m[39m[31m[1m^[22m[39m[31m[1m^[22m[39m[31m[1m^[22m[39m[31m[1m^[22m[39m[31m[1m^[22m[39m[31m[1m^[22m[39m[31m[1m^[22m[39m[31m[1m^[22m[39m[31m[1m^[22m[39m[31m[1m^[22m[39m
 [90m 5 |[39m [36mimport[39m { prisma } [36mfrom[39m [32m"./db"[39m[33m;[39m
 [90m 6 |[39m [36mimport[39m bcrypt [36mfrom[39m [32m"bcryptjs"[39m[33m;[39m
 [90m 7 |[39m[0m



Import trace:
  App Route:
    ./src/lib/auth.ts
    ./src/app/api/user/dashboard/route.ts

https://nextjs.org/docs/messages/module-not-found


 GET /api/user/dashboard 500 in 486ms (compile: 477ms, render: 8ms)
 POST /api/auth/register 500 in 25ms (compile: 16ms, render: 9ms)
 POST /api/auth/register 500 in 11ms (compile: 5ms, render: 6ms)
 GET /api/signals/latest 500 in 19ms (compile: 12ms, render: 7ms)
Persisting failed: Unable to write SST file 00001223.sst

Caused by:
    No such file or directory (os error 2)
â¨¯ Error: ENOENT: no such file or directory, open '/home/z/my-project/.next/dev/server/app/api/signals/[__metadata_id__]/route/app-paths-manifest.json'
    at ignore-listed frames {
  errno: -2,
  code: 'ENOENT',
  syscall: 'open',
  path: '/home/z/my-project/.next/dev/server/app/api/signals/[__metadata_id__]/route/app-paths-manifest.json'
}
Error: ENOENT: no such file or directory, open '/home/z/my-project/.next/dev/server/app/api/signals/[__metadata_id__]/route/app-paths-manifest.json'
    at ignore-listed frames {
  errno: -2,
  code: 'ENOENT',
  syscall: 'open',
  path: '/home/z/my-project/.next/dev/server/app/api/signals/[__metadata_id__]/route/app-paths-manifest.json'
}
Error: ENOENT: no such file or directory, open '/home/z/my-project/.next/dev/server/pages/_app/build-manifest.json'
    at ignore-listed frames {
  errno: -2,
  code: 'ENOENT',
  syscall: 'open',
  path: '/home/z/my-project/.next/dev/server/pages/_app/build-manifest.json'
}
Persisting failed: Another write batch or compaction is already active (Only a single write operations is allowed at a time)
â¨¯ Error: ENOENT: no such file or directory, open '/home/z/my-project/.next/dev/server/app/api/signals/[__metadata_id__]/route/app-paths-manifest.json'
    at ignore-listed frames {
  errno: -2,
  code: 'ENOENT',
  syscall: 'open',
  path: '/home/z/my-project/.next/dev/server/app/api/signals/[__metadata_id__]/route/app-paths-manifest.json'
}
Error: ENOENT: no such file or directory, open '/home/z/my-project/.next/dev/server/app/api/signals/[__metadata_id__]/route/app-paths-manifest.json'
    at ignore-listed frames {
  errno: -2,
  code: 'ENOENT',
  syscall: 'open',
  path: '/home/z/my-project/.next/dev/server/app/api/signals/[__metadata_id__]/route/app-paths-manifest.json'
}
Error: ENOENT: no such file or directory, open '/home/z/my-project/.next/dev/server/pages/_app/build-manifest.json'
    at ignore-listed frames {
  errno: -2,
  code: 'ENOENT',
  syscall: 'open',
  path: '/home/z/my-project/.next/dev/server/pages/_app/build-manifest.json'
}
â¨¯ Error: ENOENT: no such file or directory, open '/home/z/my-project/.next/dev/server/app/page/build-manifest.json'
    at ignore-listed frames {
  errno: -2,
  code: 'ENOENT',
  syscall: 'open',
  path: '/home/z/my-project/.next/dev/server/app/page/build-manifest.json'
}
Error: ENOENT: no such file or directory, open '/home/z/my-project/.next/dev/server/app/page/build-manifest.json'
    at ignore-listed frames {
  errno: -2,
  code: 'ENOENT',
  syscall: 'open',
  path: '/home/z/my-project/.next/dev/server/app/page/build-manifest.json'
}
Error: ENOENT: no such file or directory, open '/home/z/my-project/.next/dev/server/pages/_app/build-manifest.json'
    at ignore-listed frames {
  errno: -2,
  code: 'ENOENT',
  syscall: 'open',
  path: '/home/z/my-project/.next/dev/server/pages/_app/build-manifest.json'
}
Persisting failed: Another write batch or compaction is already active (Only a single write operations is allowed at a time)
â¨¯ Error: ENOENT: no such file or directory, open '/home/z/my-project/.next/dev/server/app/page/build-manifest.json'
    at ignore-listed frames {
  errno: -2,
  code: 'ENOENT',
  syscall: 'open',
  path: '/home/z/my-project/.next/dev/server/app/page/build-manifest.json'
}
Error: ENOENT: no such file or directory, open '/home/z/my-project/.next/dev/server/app/page/build-manifest.json'
    at ignore-listed frames {
  errno: -2,
  code: 'ENOENT',
  syscall: 'open',
  path: '/home/z/my-project/.next/dev/server/app/page/build-manifest.json'
}
Error: ENOENT: no such file or directory, open '/home/z/my-project/.next/dev/server/pages/_app/build-manifest.json'
    at ignore-listed frames {
  errno: -2,
  code: 'ENOENT',
  syscall: 'open',
  path: '/home/z/my-project/.next/dev/server/pages/_app/build-manifest.json'
}
â¨¯ Error: ENOENT: no such file or directory, open '/home/z/my-project/.next/dev/server/app/api/signals/[__metadata_id__]/route/app-paths-manifest.json'
    at ignore-listed frames {
  errno: -2,
  code: 'ENOENT',
  syscall: 'open',
  path: '/home/z/my-project/.next/dev/server/app/api/signals/[__metadata_id__]/route/app-paths-manifest.json'
}
Error: ENOENT: no such file or directory, open '/home/z/my-project/.next/dev/server/app/api/signals/[__metadata_id__]/route/app-paths-manifest.json'
    at ignore-listed frames {
  errno: -2,
  code: 'ENOENT',
  syscall: 'open',
  path: '/home/z/my-project/.next/dev/server/app/api/signals/[__metadata_id__]/route/app-paths-manifest.json'
}
Error: ENOENT: no such file or directory, open '/home/z/my-project/.next/dev/server/pages/_app/build-manifest.json'
    at ignore-listed frames {
  errno: -2,
  code: 'ENOENT',
  syscall: 'open',
  path: '/home/z/my-project/.next/dev/server/pages/_app/build-manifest.json'
}
Persisting failed: Another write batch or compaction is already active (Only a single write operations is allowed at a time)
â¨¯ Error: ENOENT: no such file or directory, open '/home/z/my-project/.next/dev/server/app/page/build-manifest.json'
    at ignore-listed frames {
  errno: -2,
  code: 'ENOENT',
  syscall: 'open',
  path: '/home/z/my-project/.next/dev/server/app/page/build-manifest.json'
}
Error: ENOENT: no such file or directory, open '/home/z/my-project/.next/dev/server/app/page/build-manifest.json'
    at ignore-listed frames {
  errno: -2,
  code: 'ENOENT',
  syscall: 'open',
  path: '/home/z/my-project/.next/dev/server/app/page/build-manifest.json'
}
Error: ENOENT: no such file or directory, open '/home/z/my-project/.next/dev/server/pages/_app/build-manifest.json'
    at ignore-listed frames {
  errno: -2,
  code: 'ENOENT',
  syscall: 'open',
  path: '/home/z/my-project/.next/dev/server/pages/_app/build-manifest.json'
}
Persisting failed: Another write batch or compaction is already active (Only a single write operations is allowed at a time)
â¨¯ Error: ENOENT: no such file or directory, open '/home/z/my-project/.next/dev/server/app/page/build-manifest.json'
    at ignore-listed frames {
  errno: -2,
  code: 'ENOENT',
  syscall: 'open',
  path: '/home/z/my-project/.next/dev/server/app/page/build-manifest.json'
}
Error: ENOENT: no such file or directory, open '/home/z/my-project/.next/dev/server/app/page/build-manifest.json'
    at ignore-listed frames {
  errno: -2,
  code: 'ENOENT',
  syscall: 'open',
  path: '/home/z/my-project/.next/dev/server/app/page/build-manifest.json'
}
Error: ENOENT: no such file or directory, open '/home/z/my-project/.next/dev/server/pages/_app/build-manifest.json'
    at ignore-listed frames {
  errno: -2,
  code: 'ENOENT',
  syscall: 'open',
  path: '/home/z/my-project/.next/dev/server/pages/_app/build-manifest.json'
}
â¨¯ Error: ENOENT: no such file or directory, open '/home/z/my-project/.next/dev/server/app/page/build-manifest.json'
    at ignore-listed frames {
  errno: -2,
  code: 'ENOENT',
  syscall: 'open',
  path: '/home/z/my-project/.next/dev/server/app/page/build-manifest.json'
}
Error: ENOENT: no such file or directory, open '/home/z/my-project/.next/dev/server/app/page/build-manifest.json'
    at ignore-listed frames {
  errno: -2,
  code: 'ENOENT',
  syscall: 'open',
  path: '/home/z/my-project/.next/dev/server/app/page/build-manifest.json'
}
Error: ENOENT: no such file or directory, open '/home/z/my-project/.next/dev/server/pages/_app/build-manifest.json'
    at ignore-listed frames {
  errno: -2,
  code: 'ENOENT',
  syscall: 'open',
  path: '/home/z/my-project/.next/dev/server/pages/_app/build-manifest.json'
}
Persisting failed: Another write batch or compaction is already active (Only a single write operations is allowed at a time)
â¨¯ Error: ENOENT: no such file or directory, open '/home/z/my-project/.next/dev/server/app/page/build-manifest.json'
    at ignore-listed frames {
  errno: -2,
  code: 'ENOENT',
  syscall: 'open',
  path: '/home/z/my-project/.next/dev/server/app/page/build-manifest.json'
}
Error: ENOENT: no such file or directory, open '/home/z/my-project/.next/dev/server/app/page/build-manifest.json'
    at ignore-listed frames {
  errno: -2,
  code: 'ENOENT',
  syscall: 'open',
  path: '/home/z/my-project/.next/dev/server/app/page/build-manifest.json'
}
Error: ENOENT: no such file or directory, open '/home/z/my-project/.next/dev/server/pages/_app/build-manifest.json'
    at ignore-listed frames {
  errno: -2,
  code: 'ENOENT',
  syscall: 'open',
  path: '/home/z/my-project/.next/dev/server/pages/_app/build-manifest.json'
}
Persisting failed: Another write batch or compaction is already active (Only a single write operations is allowed at a time)

thread 'tokio-runtime-worker' (2404) panicked at /build/turbopack/crates/turbo-tasks-backend/src/backend/operation/mod.rs:156:17:
Failed to restore task data (corrupted database or bug): Data for read_dir (TaskId 773011))

Caused by:
    0: Looking up data for TaskId 773011 from database failed
    1: Unable to open static sorted file referenced from 00001209.meta
    2: Unable to open static sorted file 00001206.sst
    3: No such file or directory (os error 2)
note: run with `RUST_BACKTRACE=1` environment variable to display a backtrace
Persisting failed: Another write batch or compaction is already active (Only a single write operations is allowed at a time)
Persisting failed: Another write batch or compaction is already active (Only a single write operations is allowed at a time)
Persisting failed: Another write batch or compaction is already active (Only a single write operations is allowed at a time)
Persisting failed: Another write batch or compaction is already active (Only a single write operations is allowed at a time)
Persisting failed: Another write batch or compaction is already active (Only a single write operations is allowed at a time)
Persisting failed: Another write batch or compaction is already active (Only a single write operations is allowed at a time)

thread 'tokio-runtime-worker' (2405) panicked at /build/turbopack/crates/turbo-tasks-backend/src/backend/operation/mod.rs:156:17:
Failed to restore task data (corrupted database or bug): Meta for <DiskFileSystem as FileSystem>::read (TaskId 773118))

Caused by:
    0: Looking up data for TaskId 773118 from database failed
    1: Unable to open static sorted file referenced from 00001202.meta
    2: Unable to open static sorted file 00001196.sst
    3: No such file or directory (os error 2)
Persisting failed: Another write batch or compaction is already active (Only a single write operations is allowed at a time)
Persisting failed: Another write batch or compaction is already active (Only a single write operations is allowed at a time)
Persisting failed: Another write batch or compaction is already active (Only a single write operations is allowed at a time)
Persisting failed: Another write batch or compaction is already active (Only a single write operations is allowed at a time)
Persisting failed: Another write batch or compaction is already active (Only a single write operations is allowed at a time)
Persisting failed: Another write batch or compaction is already active (Only a single write operations is allowed at a time)

-----
[1m[31mFATAL[39m[0m: An unexpected Turbopack error occurred. A panic log has been written to /tmp/next-panic-444604540597e2acc4218408d0f06d97.log.

To help make Turbopack better, report this error by clicking here: https://github.com/vercel/next.js/discussions/new?category=turbopack-error-report&title=Turbopack%20Error%3A%20%5Bproject%5D%2Fsrc%2Fapp%2Fglobals.css%20%5Bapp-client%5D%20%28css%29&body=Turbopack%20version%3A%20%60731ace46%60%0ANext.js%20version%3A%20%600.0.0%60%0A%0AError%20message%3A%0A%60%60%60%0ATurbopack%20Error%3A%20%5Bproject%5D%2Fsrc%2Fapp%2Fglobals.css%20%5Bapp-client%5D%20%28css%29%0A%60%60%60&labels=Turbopack,Turbopack%20Panic%20Backtrace
-----

âœ“ Compiled in 4092.8s
Persisting failed: Another write batch or compaction is already active (Only a single write operations is allowed at a time)
Persisting failed: Another write batch or compaction is already active (Only a single write operations is allowed at a time)
Persisting failed: Another write batch or compaction is already active (Only a single write operations is allowed at a time)
Persisting failed: Another write batch or compaction is already active (Only a single write operations is allowed at a time)
Persisting failed: Another write batch or compaction is already active (Only a single write operations is allowed at a time)
  Reload env: .env
Persisting failed: Another write batch or compaction is already active (Only a single write operations is allowed at a time)
Persisting failed: Another write batch or compaction is already active (Only a single write operations is allowed at a time)
  Reload env: .env
Persisting failed: Another write batch or compaction is already active (Only a single write operations is allowed at a time)
Persisting failed: Another write batch or compaction is already active (Only a single write operations is allowed at a time)
Persisting failed: Another write batch or compaction is already active (Only a single write operations is allowed at a time)
Persisting failed: Another write batch or compaction is already active (Only a single write operations is allowed at a time)
Persisting failed: Another write batch or compaction is already active (Only a single write operations is allowed at a time)
Persisting failed: Another write batch or compaction is already active (Only a single write operations is allowed at a time)
Persisting failed: Another write batch or compaction is already active (Only a single write operations is allowed at a time)

-----
[1m[31mFATAL[39m[0m: An unexpected Turbopack error occurred. A panic log has been written to /tmp/next-panic-444604540597e2acc4218408d0f06d97.log.

To help make Turbopack better, report this error by clicking here: https://github.com/vercel/next.js/discussions/new?category=turbopack-error-report&title=Turbopack%20Error%3A%20Failed%20to%20write%20app%20endpoint%20%2Fpage&body=Turbopack%20version%3A%20%60731ace46%60%0ANext.js%20version%3A%20%600.0.0%60%0A%0AError%20message%3A%0A%60%60%60%0ATurbopack%20Error%3A%20Failed%20to%20write%20app%20endpoint%20%2Fpage%0A%60%60%60&labels=Turbopack,Turbopack%20Panic%20Backtrace
-----

Error [TurbopackInternalError]: Failed to write app endpoint /page

Caused by:
- [project]/src/app/globals.css [app-client] (css)
- creating new process
- node process exited before we could connect to it with exit status: 1

Debug info:
- Execution of get_written_endpoint_with_issues_operation failed
- Execution of endpoint_write_to_disk failed
- Execution of <AppEndpoint as Endpoint>::output failed
- Failed to write app endpoint /page
- Execution of AppEndpoint::output failed
- Execution of AppProject::app_module_graphs failed
- Execution of *<AppEndpoint as Endpoint>::additional_entries failed
- Execution of *ModuleGraph::from_graphs failed
- Execution of SingleModuleGraph::new_with_entries_visited_intern failed
- [project]/src/app/globals.css [app-client] (css)
- Execution of primary_chunkable_referenced_modules failed
- Execution of <CssModuleAsset as Module>::references failed
- Execution of parse_css failed
- Execution of <PostCssTransformedAsset as Asset>::content failed
- Execution of PostCssTransformedAsset::process failed
- Execution of evaluate_webpack_loader failed
- creating new process
- node process exited before we could connect to it with exit status: 1
  Process output:
  
  Process error output:
  node:internal/modules/cjs/loader:1451
    throw err;
    ^
  
  Error: Cannot find module '/home/z/my-project/.next/dev/build/postcss.js'
      at Module._resolveFilename (node:internal/modules/cjs/loader:1448:15)
      at defaultResolveImpl (node:internal/modules/cjs/loader:1059:19)
      at resolveForCJSWithHooks (node:internal/modules/cjs/loader:1064:22)
      at Module._load (node:internal/modules/cjs/loader:1234:25)
      at TracingChannel.traceSync (node:diagnostics_channel:328:14)
      at wrapModuleLoad (node:internal/modules/cjs/loader:245:24)
      at Module.executeUserEntryPoint [as runMain] (node:internal/modules/run_main:154:5)
      at node:internal/main/run_main_module:33:47 {
    code: 'MODULE_NOT_FOUND',
  }
  
  Node.js v24.13.1
    at <unknown> (TurbopackInternalError: Failed to write app endpoint /page) {
  location: undefined
}
Error: ENOENT: no such file or directory, open '/home/z/my-project/.next/dev/server/pages/_app/build-manifest.json'
    at ignore-listed frames {
  errno: -2,
  code: 'ENOENT',
  syscall: 'open',
  path: '/home/z/my-project/.next/dev/server/pages/_app/build-manifest.json'
}
Persisting failed: Another write batch or compaction is already active (Only a single write operations is allowed at a time)
Persisting failed: Another write batch or compaction is already active (Only a single write operations is allowed at a time)
Persisting failed: Another write batch or compaction is already active (Only a single write operations is allowed at a time)
Persisting failed: Another write batch or compaction is already active (Only a single write operations is allowed at a time)
Persisting failed: Another write batch or compaction is already active (Only a single write operations is allowed at a time)
Persisting failed: Another write batch or compaction is already active (Only a single write operations is allowed at a time)
Persisting failed: Another write batch or compaction is already active (Only a single write operations is allowed at a time)
Persisting failed: Another write batch or compaction is already active (Only a single write operations is allowed at a time)
Persisting failed: Another write batch or compaction is already active (Only a single write operations is allowed at a time)
âš  Found a change in next.config.ts. Restarting the server to apply the changes...
âš  Invalid next.config.ts options detected: 
âš      Unrecognized key(s) in object: 'serverComponentsExternalPackages' at "experimental"
âš  See more info here: https://nextjs.org/docs/messages/invalid-next-config
âš  `experimental.serverComponentsExternalPackages` has been moved to `serverExternalPackages`. Please update your next.config.ts file accordingly.
â–² Next.js 16.1.3 (Turbopack)
- Local:         http://localhost:3000
- Network:       http://21.0.15.10:3000
- Environments: .env
- Experiments (use with caution):
  ? serverComponentsExternalPackages (invalid experimental key)

âœ“ Starting...
Attention: Next.js now collects completely anonymous telemetry regarding usage.
This information is used to shape Next.js' roadmap and prioritize features.
You can learn more, including how to opt-out if you'd not like to participate in this anonymous program, by visiting the following URL:
https://nextjs.org/telemetry

âœ“ Ready in 1025ms
â¨¯ ERROR: This build is using Turbopack, with a `webpack` config and no `turbopack` config.
   This may be a mistake.

   As of Next.js 16 Turbopack is enabled by default and
   custom webpack configurations may need to be migrated to Turbopack.

   NOTE: your `webpack` config may have been added by a configuration plugin.

   To configure Turbopack, see https://nextjs.org/docs/app/api-reference/next-config-js/turbopack

   TIP: Many applications work fine under Turbopack with no configuration,
   if that is the case for you, you can silence this error by passing the
   `--turbopack` or `--webpack` flag explicitly or simply setting an 
   empty turbopack config in your Next config file (e.g. `turbopack: {}`).
[?25h
